TN:
SF:src\lib\admin-api.ts
FN:34,request
FN:93,(anonymous_1)
FN:96,(anonymous_2)
FN:99,(anonymous_3)
FN:102,(anonymous_4)
FNF:5
FNH:0
FNDA:0,request
FNDA:0,(anonymous_1)
FNDA:0,(anonymous_2)
FNDA:0,(anonymous_3)
FNDA:0,(anonymous_4)
DA:1,0
DA:38,0
DA:40,0
DA:41,0
DA:46,0
DA:47,0
DA:48,0
DA:53,0
DA:54,0
DA:58,0
DA:59,0
DA:66,0
DA:69,0
DA:70,0
DA:78,0
DA:79,0
DA:82,0
DA:84,0
DA:85,0
DA:86,0
DA:88,0
DA:92,0
DA:94,0
DA:97,0
DA:100,0
DA:103,0
LF:26
LH:0
BRDA:36,0,0,0
BRDA:53,1,0,0
BRDA:53,1,1,0
BRDA:54,2,0,0
BRDA:54,2,1,0
BRDA:55,3,0,0
BRDA:55,3,1,0
BRDA:55,3,2,0
BRDA:58,4,0,0
BRDA:58,4,1,0
BRDA:69,5,0,0
BRDA:69,5,1,0
BRDA:78,6,0,0
BRDA:78,6,1,0
BRDA:78,7,0,0
BRDA:78,7,1,0
BRDA:84,8,0,0
BRDA:84,8,1,0
BRDA:84,9,0,0
BRDA:84,9,1,0
BRDA:85,10,0,0
BRDA:85,10,1,0
BRDA:97,11,0,0
BRDA:97,11,1,0
BRDA:100,12,0,0
BRDA:100,12,1,0
BRF:26
BRH:0
end_of_record
TN:
SF:src\lib\alerter.ts
FN:45,shouldAlert
FN:50,send
FN:69,(anonymous_2)
FN:75,sendWebhook
FN:79,(anonymous_4)
FN:98,formatWebhookBody
FN:168,alertOnError
FNF:7
FNH:0
FNDA:0,shouldAlert
FNDA:0,send
FNDA:0,(anonymous_2)
FNDA:0,sendWebhook
FNDA:0,(anonymous_4)
FNDA:0,formatWebhookBody
FNDA:0,alertOnError
DA:31,0
DA:38,0
DA:39,0
DA:40,0
DA:46,0
DA:49,0
DA:51,0
DA:54,0
DA:60,0
DA:68,0
DA:69,0
DA:70,0
DA:76,0
DA:78,0
DA:79,0
DA:81,0
DA:82,0
DA:89,0
DA:90,0
DA:93,0
DA:103,0
DA:112,0
DA:117,0
DA:118,0
DA:138,0
DA:139,0
DA:157,0
DA:172,0
LF:28
LH:0
BRDA:38,0,0,0
BRDA:38,0,1,0
BRDA:39,1,0,0
BRDA:39,1,1,0
BRDA:40,2,0,0
BRDA:40,2,1,0
BRDA:51,3,0,0
BRDA:51,3,1,0
BRDA:54,4,0,0
BRDA:54,4,1,0
BRDA:54,5,0,0
BRDA:54,5,1,0
BRDA:56,6,0,0
BRDA:56,6,1,0
BRDA:63,7,0,0
BRDA:63,7,1,0
BRDA:68,8,0,0
BRDA:68,8,1,0
BRDA:70,9,0,0
BRDA:70,9,1,0
BRDA:89,10,0,0
BRDA:89,10,1,0
BRDA:103,11,0,0
BRDA:103,11,1,0
BRDA:105,12,0,0
BRDA:105,12,1,0
BRDA:107,13,0,0
BRDA:107,13,1,0
BRDA:114,14,0,0
BRDA:114,14,1,0
BRDA:115,15,0,0
BRDA:115,15,1,0
BRDA:117,16,0,0
BRDA:117,16,1,0
BRDA:126,17,0,0
BRDA:126,17,1,0
BRDA:127,18,0,0
BRDA:127,18,1,0
BRDA:138,19,0,0
BRDA:138,19,1,0
BRDA:144,20,0,0
BRDA:144,20,1,0
BRDA:144,21,0,0
BRDA:144,21,1,0
BRDA:147,22,0,0
BRDA:147,22,1,0
BRDA:161,23,0,0
BRDA:161,23,1,0
BRDA:170,24,0,0
BRDA:175,25,0,0
BRDA:175,25,1,0
BRDA:177,26,0,0
BRDA:177,26,1,0
BRF:53
BRH:0
end_of_record
TN:
SF:src\lib\api-error.ts
FN:16,(anonymous_0)
FN:21,constructor
FN:33,constructor_2
FN:40,constructor_3
FN:47,constructor_4
FN:54,constructor_5
FN:61,constructor_6
FN:68,constructor_7
FN:74,(anonymous_8)
FN:78,(anonymous_9)
FNF:10
FNH:0
FNDA:0,(anonymous_0)
FNDA:0,constructor
FNDA:0,constructor_2
FNDA:0,constructor_3
FNDA:0,constructor_4
FNDA:0,constructor_5
FNDA:0,constructor_6
FNDA:0,constructor_7
FNDA:0,(anonymous_8)
FNDA:0,(anonymous_9)
DA:1,0
DA:16,0
DA:17,0
DA:23,0
DA:24,0
DA:26,0
DA:27,0
DA:28,0
DA:34,0
DA:35,0
DA:41,0
DA:42,0
DA:48,0
DA:49,0
DA:55,0
DA:56,0
DA:62,0
DA:63,0
DA:69,0
DA:70,0
DA:74,0
DA:75,0
DA:78,0
DA:79,0
DA:80,0
DA:82,0
LF:26
LH:0
BRDA:24,0,0,0
BRDA:33,1,0,0
BRDA:40,2,0,0
BRDA:47,3,0,0
BRDA:54,4,0,0
BRDA:61,5,0,0
BRDA:68,6,0,0
BRDA:79,7,0,0
BRDA:79,7,1,0
BRF:9
BRH:0
end_of_record
TN:
SF:src\lib\api-handler.ts
FN:9,asDomainError
FN:13,withApiHandler
FN:16,(anonymous_2)
FNF:3
FNH:0
FNDA:0,asDomainError
FNDA:0,withApiHandler
FNDA:0,(anonymous_2)
DA:10,0
DA:16,0
DA:17,0
DA:18,0
DA:20,0
DA:21,0
DA:27,0
DA:28,0
DA:29,0
DA:30,0
DA:31,0
DA:32,0
DA:33,0
DA:34,0
DA:35,0
DA:36,0
DA:40,0
DA:41,0
DA:42,0
DA:43,0
DA:44,0
DA:47,0
DA:53,0
DA:56,0
DA:57,0
DA:60,0
LF:26
LH:0
BRDA:10,0,0,0
BRDA:10,0,1,0
BRDA:27,1,0,0
BRDA:27,1,1,0
BRDA:29,2,0,0
BRDA:29,2,1,0
BRDA:29,3,0,0
BRDA:29,3,1,0
BRDA:30,4,0,0
BRDA:30,4,1,0
BRDA:30,5,0,0
BRDA:30,5,1,0
BRDA:31,6,0,0
BRDA:31,6,1,0
BRDA:31,7,0,0
BRDA:31,7,1,0
BRDA:32,8,0,0
BRDA:32,8,1,0
BRDA:32,9,0,0
BRDA:32,9,1,0
BRDA:33,10,0,0
BRDA:33,10,1,0
BRDA:33,11,0,0
BRDA:33,11,1,0
BRDA:34,12,0,0
BRDA:34,12,1,0
BRDA:34,13,0,0
BRDA:34,13,1,0
BRDA:35,14,0,0
BRDA:35,14,1,0
BRDA:35,15,0,0
BRDA:35,15,1,0
BRDA:36,16,0,0
BRDA:36,16,1,0
BRDA:40,17,0,0
BRDA:40,17,1,0
BRDA:42,18,0,0
BRDA:42,18,1,0
BRDA:43,19,0,0
BRDA:43,19,1,0
BRDA:47,20,0,0
BRDA:47,20,1,0
BRDA:48,21,0,0
BRDA:48,21,1,0
BRDA:48,21,2,0
BRDA:48,21,3,0
BRDA:56,22,0,0
BRDA:56,22,1,0
BRDA:56,23,0,0
BRDA:56,23,1,0
BRDA:60,24,0,0
BRDA:60,24,1,0
BRF:52
BRH:0
end_of_record
TN:
SF:src\lib\api-middleware.ts
FN:14,withIdempotency
FN:15,(anonymous_1)
FN:58,(anonymous_2)
FN:65,withRequestSizeLimit
FN:69,(anonymous_4)
FN:86,withErrorHandler
FN:87,(anonymous_6)
FN:108,withRateLimit
FN:113,(anonymous_8)
FNF:9
FNH:0
FNDA:0,withIdempotency
FNDA:0,(anonymous_1)
FNDA:0,(anonymous_2)
FNDA:0,withRequestSizeLimit
FNDA:0,(anonymous_4)
FNDA:0,withErrorHandler
FNDA:0,(anonymous_6)
FNDA:0,withRateLimit
FNDA:0,(anonymous_8)
DA:12,0
DA:15,0
DA:16,0
DA:17,0
DA:18,0
DA:22,0
DA:24,0
DA:26,0
DA:27,0
DA:30,0
DA:31,0
DA:41,0
DA:45,0
DA:48,0
DA:49,0
DA:50,0
DA:51,0
DA:52,0
DA:54,0
DA:56,0
DA:58,0
DA:61,0
DA:69,0
DA:70,0
DA:72,0
DA:73,0
DA:79,0
DA:82,0
DA:87,0
DA:88,0
DA:89,0
DA:92,0
DA:98,0
DA:99,0
DA:101,0
DA:103,0
DA:113,0
DA:114,0
DA:116,0
DA:121,0
DA:122,0
DA:136,0
DA:139,0
LF:43
LH:0
BRDA:17,0,0,0
BRDA:17,0,1,0
BRDA:17,1,0,0
BRDA:17,1,1,0
BRDA:24,2,0,0
BRDA:24,2,1,0
BRDA:24,2,2,0
BRDA:48,3,0,0
BRDA:48,3,1,0
BRDA:48,4,0,0
BRDA:48,4,1,0
BRDA:56,5,0,0
BRDA:56,5,1,0
BRDA:67,6,0,0
BRDA:72,7,0,0
BRDA:72,7,1,0
BRDA:72,8,0,0
BRDA:72,8,1,0
BRDA:95,9,0,0
BRDA:95,9,1,0
BRDA:95,10,0,0
BRDA:95,10,1,0
BRDA:98,11,0,0
BRDA:98,11,1,0
BRDA:98,12,0,0
BRDA:98,12,1,0
BRDA:98,12,2,0
BRDA:121,13,0,0
BRDA:121,13,1,0
BRF:29
BRH:0
end_of_record
TN:
SF:src\lib\api-response.ts
FN:68,normalizeApiResponse
FN:132,buildMeta
FN:138,addRateLimitHeaders
FN:144,addCorrelationIdHeader
FN:150,success
FN:178,error
FN:207,(anonymous_6)
FN:212,(anonymous_7)
FN:217,(anonymous_8)
FN:222,(anonymous_9)
FN:227,(anonymous_10)
FN:232,(anonymous_11)
FN:237,(anonymous_12)
FN:242,(anonymous_13)
FN:247,(anonymous_14)
FNF:15
FNH:0
FNDA:0,normalizeApiResponse
FNDA:0,buildMeta
FNDA:0,addRateLimitHeaders
FNDA:0,addCorrelationIdHeader
FNDA:0,success
FNDA:0,error
FNDA:0,(anonymous_6)
FNDA:0,(anonymous_7)
FNDA:0,(anonymous_8)
FNDA:0,(anonymous_9)
FNDA:0,(anonymous_10)
FNDA:0,(anonymous_11)
FNDA:0,(anonymous_12)
FNDA:0,(anonymous_13)
FNDA:0,(anonymous_14)
DA:69,0
DA:70,0
DA:80,0
DA:82,0
DA:83,0
DA:89,0
DA:90,0
DA:91,0
DA:93,0
DA:97,0
DA:98,0
DA:107,0
DA:108,0
DA:109,0
DA:110,0
DA:113,0
DA:119,0
DA:121,0
DA:133,0
DA:134,0
DA:135,0
DA:139,0
DA:140,0
DA:141,0
DA:145,0
DA:157,0
DA:163,0
DA:164,0
DA:166,0
DA:168,0
DA:169,0
DA:171,0
DA:172,0
DA:175,0
DA:184,0
DA:194,0
DA:196,0
DA:197,0
DA:199,0
DA:200,0
DA:203,0
DA:206,0
DA:210,0
DA:215,0
DA:220,0
DA:225,0
DA:230,0
DA:235,0
DA:240,0
DA:245,0
DA:250,0
LF:51
LH:0
BRDA:69,0,0,0
BRDA:69,0,1,0
BRDA:69,1,0,0
BRDA:69,1,1,0
BRDA:82,2,0,0
BRDA:82,2,1,0
BRDA:85,3,0,0
BRDA:85,3,1,0
BRDA:89,4,0,0
BRDA:89,4,1,0
BRDA:90,5,0,0
BRDA:90,5,1,0
BRDA:91,6,0,0
BRDA:91,6,1,0
BRDA:97,7,0,0
BRDA:97,7,1,0
BRDA:97,8,0,0
BRDA:97,8,1,0
BRDA:99,9,0,0
BRDA:99,9,1,0
BRDA:99,9,2,0
BRDA:101,10,0,0
BRDA:101,10,1,0
BRDA:101,10,2,0
BRDA:101,10,3,0
BRDA:107,11,0,0
BRDA:107,11,1,0
BRDA:107,12,0,0
BRDA:107,12,1,0
BRDA:109,13,0,0
BRDA:109,13,1,0
BRDA:119,14,0,0
BRDA:119,14,1,0
BRDA:134,15,0,0
BRDA:134,15,1,0
BRDA:153,16,0,0
BRDA:163,17,0,0
BRDA:163,17,1,0
BRDA:164,18,0,0
BRDA:164,18,1,0
BRDA:168,19,0,0
BRDA:168,19,1,0
BRDA:171,20,0,0
BRDA:171,20,1,0
BRDA:180,21,0,0
BRDA:181,22,0,0
BRDA:196,23,0,0
BRDA:196,23,1,0
BRDA:199,24,0,0
BRDA:199,24,1,0
BRDA:208,25,0,0
BRDA:213,26,0,0
BRDA:218,27,0,0
BRDA:223,28,0,0
BRDA:228,29,0,0
BRDA:233,30,0,0
BRDA:238,31,0,0
BRDA:243,32,0,0
BRDA:248,33,0,0
BRF:59
BRH:0
end_of_record
TN:
SF:src\lib\api-version.ts
FN:8,getApiVersion
FN:31,negotiateVersion
FN:38,getVersionedPath
FN:46,isVersionDeprecated
FNF:4
FNH:0
FNDA:0,getApiVersion
FNDA:0,negotiateVersion
FNDA:0,getVersionedPath
FNDA:0,isVersionDeprecated
DA:3,0
DA:5,0
DA:9,0
DA:10,0
DA:11,0
DA:12,0
DA:13,0
DA:16,0
DA:17,0
DA:18,0
DA:21,0
DA:22,0
DA:23,0
DA:24,0
DA:25,0
DA:28,0
DA:32,0
DA:33,0
DA:35,0
DA:39,0
DA:40,0
DA:41,0
DA:43,0
DA:47,0
DA:48,0
LF:25
LH:0
BRDA:9,0,0,0
BRDA:9,0,1,0
BRDA:11,1,0,0
BRDA:11,1,1,0
BRDA:13,2,0,0
BRDA:13,2,1,0
BRDA:17,3,0,0
BRDA:17,3,1,0
BRDA:17,4,0,0
BRDA:17,4,1,0
BRDA:23,5,0,0
BRDA:23,5,1,0
BRDA:25,6,0,0
BRDA:25,6,1,0
BRDA:32,7,0,0
BRDA:32,7,1,0
BRDA:38,8,0,0
BRDA:39,9,0,0
BRDA:39,9,1,0
BRDA:40,10,0,0
BRDA:40,10,1,0
BRF:21
BRH:0
end_of_record
TN:
SF:src\lib\apm.ts
FN:22,trimStore
FN:28,withTiming
FN:58,trackApiCall
FN:73,trackPrismaQuery
FN:94,getMetrics
FN:106,(anonymous_5)
FN:119,(anonymous_6)
FN:120,(anonymous_7)
FN:121,(anonymous_8)
FN:149,getSlowQueries
FN:151,(anonymous_10)
FN:152,(anonymous_11)
FNF:12
FNH:0
FNDA:0,trimStore
FNDA:0,withTiming
FNDA:0,trackApiCall
FNDA:0,trackPrismaQuery
FNDA:0,getMetrics
FNDA:0,(anonymous_5)
FNDA:0,(anonymous_6)
FNDA:0,(anonymous_7)
FNDA:0,(anonymous_8)
FNDA:0,getSlowQueries
FNDA:0,(anonymous_10)
FNDA:0,(anonymous_11)
DA:18,0
DA:19,0
DA:20,0
DA:23,0
DA:24,0
DA:29,0
DA:30,0
DA:32,0
DA:33,0
DA:35,0
DA:36,0
DA:38,0
DA:39,0
DA:45,0
DA:46,0
DA:48,0
DA:49,0
DA:52,0
DA:53,0
DA:59,0
DA:65,0
DA:66,0
DA:68,0
DA:69,0
DA:79,0
DA:80,0
DA:86,0
DA:87,0
DA:89,0
DA:90,0
DA:95,0
DA:96,0
DA:105,0
DA:106,0
DA:108,0
DA:109,0
DA:110,0
DA:119,0
DA:120,0
DA:121,0
DA:123,0
DA:125,0
DA:126,0
DA:127,0
DA:129,0
DA:130,0
DA:131,0
DA:132,0
DA:136,0
DA:137,0
DA:140,0
DA:150,0
DA:151,0
DA:152,0
LF:54
LH:0
BRDA:23,0,0,0
BRDA:23,0,1,0
BRDA:48,1,0,0
BRDA:48,1,1,0
BRDA:52,2,0,0
BRDA:52,2,1,0
BRDA:68,3,0,0
BRDA:68,3,1,0
BRDA:77,4,0,0
BRDA:89,5,0,0
BRDA:89,5,1,0
BRDA:95,6,0,0
BRDA:95,6,1,0
BRDA:109,7,0,0
BRDA:109,7,1,0
BRDA:126,8,0,0
BRDA:126,8,1,0
BRDA:131,9,0,0
BRDA:131,9,1,0
BRF:19
BRH:0
end_of_record
TN:
SF:src\lib\audit-log.ts
FN:15,getRetentionDays
FN:20,getExpiresAt
FN:38,errorMessage
FN:42,createAuditLog
FN:79,getExpiredLogs
FN:95,deleteExpiredLogs
FN:114,getRetentionStats
FNF:7
FNH:4
FNDA:5,getRetentionDays
FNDA:5,getExpiresAt
FNDA:1,errorMessage
FNDA:5,createAuditLog
FNDA:0,getExpiredLogs
FNDA:0,deleteExpiredLogs
FNDA:0,getRetentionStats
DA:5,3
DA:13,3
DA:16,5
DA:17,5
DA:21,5
DA:22,5
DA:23,5
DA:24,5
DA:27,3
DA:39,1
DA:50,5
DA:51,5
DA:68,1
DA:69,1
DA:70,0
DA:74,1
DA:75,1
DA:80,0
DA:81,0
DA:88,0
DA:90,0
DA:91,0
DA:96,0
DA:97,0
DA:104,0
DA:105,0
DA:107,0
DA:109,0
DA:110,0
DA:115,0
DA:116,0
DA:117,0
DA:126,0
DA:127,0
DA:129,0
DA:130,0
DA:131,0
DA:133,0
DA:145,0
DA:146,0
DA:149,0
DA:151,0
DA:157,0
DA:158,0
LF:44
LH:16
BRDA:17,0,0,5
BRDA:17,0,1,5
BRDA:39,1,0,1
BRDA:39,1,1,0
BRDA:54,2,0,5
BRDA:54,2,1,5
BRDA:57,3,0,5
BRDA:57,3,1,0
BRDA:59,4,0,0
BRDA:59,4,1,5
BRDA:61,5,0,5
BRDA:61,5,1,0
BRDA:69,6,0,0
BRDA:69,6,1,1
BRDA:104,7,0,0
BRDA:104,7,1,0
BRDA:137,8,0,0
BRDA:137,8,1,0
BRF:18
BRH:9
end_of_record
TN:
SF:src\lib\auth.ts
FN:40,createSessionToken
FN:73,createRefreshToken
FN:118,verifySessionToken
FN:146,(anonymous_3)
FN:183,(anonymous_4)
FNF:5
FNH:0
FNDA:0,createSessionToken
FNDA:0,createRefreshToken
FNDA:0,verifySessionToken
FNDA:0,(anonymous_3)
FNDA:0,(anonymous_4)
DA:20,0
DA:21,0
DA:23,0
DA:31,0
DA:32,0
DA:33,0
DA:50,0
DA:51,0
DA:54,0
DA:66,0
DA:83,0
DA:96,0
DA:122,0
DA:123,0
DA:124,0
DA:127,0
DA:132,0
DA:134,0
DA:135,0
DA:138,0
DA:139,0
DA:141,0
DA:142,0
DA:143,0
DA:144,0
DA:147,0
DA:151,0
DA:160,0
DA:161,0
DA:163,0
DA:164,0
DA:165,0
DA:168,0
DA:169,0
DA:172,0
DA:173,0
DA:174,0
DA:180,0
DA:181,0
DA:184,0
DA:188,0
DA:194,0
DA:197,0
DA:198,0
DA:202,0
DA:205,0
DA:216,0
DA:217,0
LF:48
LH:0
BRDA:50,0,0,0
BRDA:50,0,1,0
BRDA:50,1,0,0
BRDA:50,1,1,0
BRDA:50,1,2,0
BRDA:56,2,0,0
BRDA:56,2,1,0
BRDA:86,3,0,0
BRDA:86,3,1,0
BRDA:123,4,0,0
BRDA:123,4,1,0
BRDA:123,5,0,0
BRDA:123,5,1,0
BRDA:134,6,0,0
BRDA:134,6,1,0
BRDA:134,7,0,0
BRDA:134,7,1,0
BRDA:134,7,2,0
BRDA:138,8,0,0
BRDA:138,8,1,0
BRDA:142,9,0,0
BRDA:142,9,1,0
BRDA:143,10,0,0
BRDA:143,10,1,0
BRDA:152,11,0,0
BRDA:152,11,1,0
BRDA:153,12,0,0
BRDA:153,12,1,0
BRDA:154,13,0,0
BRDA:154,13,1,0
BRDA:155,14,0,0
BRDA:155,14,1,0
BRDA:160,15,0,0
BRDA:160,15,1,0
BRDA:163,16,0,0
BRDA:163,16,1,0
BRDA:168,17,0,0
BRDA:168,17,1,0
BRDA:168,18,0,0
BRDA:168,18,1,0
BRDA:172,19,0,0
BRDA:172,19,1,0
BRDA:188,20,0,0
BRDA:188,20,1,0
BRDA:197,21,0,0
BRDA:197,21,1,0
BRDA:197,22,0,0
BRDA:197,22,1,0
BRF:48
BRH:0
end_of_record
TN:
SF:src\lib\branding.ts
FNF:0
FNH:0
DA:1,0
DA:2,0
DA:3,0
DA:4,0
DA:5,0
DA:6,0
DA:8,0
DA:9,0
DA:10,0
DA:11,0
DA:12,0
LF:11
LH:0
BRF:0
BRH:0
end_of_record
TN:
SF:src\lib\cache.ts
FN:18,set
FN:34,get
FN:57,getOrSet
FN:65,(anonymous_3)
FN:69,(anonymous_4)
FN:77,has
FN:81,delete
FN:86,clear
FN:91,invalidatePattern
FN:114,getStats
FN:123,getVersion
FN:130,cacheResponse
FN:134,getCachedResponse
FN:138,getOrSetResponse
FN:146,invalidateCache
FN:156,getCacheStats
FN:162,getCacheVersion
FNF:17
FNH:0
FNDA:0,set
FNDA:0,get
FNDA:0,getOrSet
FNDA:0,(anonymous_3)
FNDA:0,(anonymous_4)
FNDA:0,has
FNDA:0,delete
FNDA:0,clear
FNDA:0,invalidatePattern
FNDA:0,getStats
FNDA:0,getVersion
FNDA:0,cacheResponse
FNDA:0,getCachedResponse
FNDA:0,getOrSetResponse
FNDA:0,invalidateCache
FNDA:0,getCacheStats
FNDA:0,getCacheVersion
DA:3,0
DA:13,0
DA:14,0
DA:15,0
DA:16,0
DA:19,0
DA:20,0
DA:21,0
DA:22,0
DA:23,0
DA:26,0
DA:35,0
DA:36,0
DA:38,0
DA:39,0
DA:40,0
DA:43,0
DA:44,0
DA:45,0
DA:49,0
DA:50,0
DA:51,0
DA:58,0
DA:59,0
DA:61,0
DA:62,0
DA:64,0
DA:66,0
DA:67,0
DA:70,0
DA:73,0
DA:74,0
DA:78,0
DA:82,0
DA:83,0
DA:87,0
DA:88,0
DA:92,0
DA:95,0
DA:96,0
DA:99,0
DA:100,0
DA:103,0
DA:104,0
DA:105,0
DA:106,0
DA:110,0
DA:111,0
DA:115,0
DA:124,0
DA:128,0
DA:131,0
DA:135,0
DA:143,0
DA:147,0
DA:148,0
DA:149,0
DA:152,0
DA:153,0
DA:157,0
DA:163,0
LF:61
LH:0
BRDA:19,0,0,0
BRDA:19,0,1,0
BRDA:21,1,0,0
BRDA:21,1,1,0
BRDA:23,2,0,0
BRDA:23,2,1,0
BRDA:28,3,0,0
BRDA:28,3,1,0
BRDA:36,4,0,0
BRDA:36,4,1,0
BRDA:38,5,0,0
BRDA:38,5,1,0
BRDA:43,6,0,0
BRDA:43,6,1,0
BRDA:59,7,0,0
BRDA:59,7,1,0
BRDA:62,8,0,0
BRDA:62,8,1,0
BRDA:66,9,0,0
BRDA:66,9,1,0
BRDA:95,10,0,0
BRDA:95,10,1,0
BRDA:104,11,0,0
BRDA:104,11,1,0
BRDA:130,12,0,0
BRDA:141,13,0,0
BRDA:147,14,0,0
BRDA:147,14,1,0
BRF:28
BRH:0
end_of_record
TN:
SF:src\lib\chat-system-prompt.ts
FN:1,buildSystemPrompt
FNF:1
FNH:0
FNDA:0,buildSystemPrompt
DA:2,0
LF:1
LH:0
BRF:0
BRH:0
end_of_record
TN:
SF:src\lib\circuit-breaker.ts
FN:6,constructor
FN:37,constructor_2
FN:44,getState
FN:56,execute
FN:89,onSuccess
FN:103,onFailure
FN:117,reset
FN:125,getStats
FN:139,getCircuitBreaker
FN:167,getAllCircuitBreakers
FNF:10
FNH:0
FNDA:0,constructor
FNDA:0,constructor_2
FNDA:0,getState
FNDA:0,execute
FNDA:0,onSuccess
FNDA:0,onFailure
FNDA:0,reset
FNDA:0,getStats
FNDA:0,getCircuitBreaker
FNDA:0,getAllCircuitBreakers
DA:7,0
DA:8,0
DA:9,0
DA:10,0
DA:11,0
DA:23,0
DA:30,0
DA:31,0
DA:32,0
DA:33,0
DA:34,0
DA:38,0
DA:41,0
DA:45,0
DA:49,0
DA:50,0
DA:51,0
DA:53,0
DA:57,0
DA:59,0
DA:60,0
DA:67,0
DA:68,0
DA:75,0
DA:76,0
DA:79,0
DA:80,0
DA:81,0
DA:82,0
DA:84,0
DA:85,0
DA:90,0
DA:91,0
DA:92,0
DA:93,0
DA:94,0
DA:95,0
DA:96,0
DA:99,0
DA:104,0
DA:105,0
DA:107,0
DA:108,0
DA:109,0
DA:112,0
DA:113,0
DA:118,0
DA:119,0
DA:120,0
DA:121,0
DA:122,0
DA:126,0
DA:137,0
DA:143,0
DA:144,0
DA:146,0
DA:149,0
DA:155,0
DA:161,0
DA:168,0
DA:169,0
DA:170,0
DA:172,0
LF:63
LH:0
BRDA:45,0,0,0
BRDA:45,0,1,0
BRDA:46,1,0,0
BRDA:46,1,1,0
BRDA:59,2,0,0
BRDA:59,2,1,0
BRDA:67,3,0,0
BRDA:67,3,1,0
BRDA:67,4,0,0
BRDA:67,4,1,0
BRDA:75,5,0,0
BRDA:75,5,1,0
BRDA:90,6,0,0
BRDA:90,6,1,0
BRDA:92,7,0,0
BRDA:92,7,1,0
BRDA:107,8,0,0
BRDA:107,8,1,0
BRDA:112,9,0,0
BRDA:112,9,1,0
BRDA:143,10,0,0
BRDA:143,10,1,0
BRF:22
BRH:0
end_of_record
TN:
SF:src\lib\clock.ts
FN:6,now
FN:15,now_2
FN:20,set
FN:24,reset
FNF:4
FNH:0
FNDA:0,now
FNDA:0,now_2
FNDA:0,set
FNDA:0,reset
DA:7,0
DA:12,0
DA:14,0
DA:16,0
DA:21,0
DA:25,0
LF:6
LH:0
BRF:0
BRH:0
end_of_record
TN:
SF:src\lib\config.ts
FNF:0
FNH:0
DA:1,1
LF:1
LH:1
BRF:0
BRH:0
end_of_record
TN:
SF:src\lib\correlation-id.ts
FN:23,generateCorrelationId
FN:32,getOrCreateCorrelationId
FN:43,withCorrelation
FN:56,logRequestStart
FN:74,logRequestEnd
FNF:5
FNH:0
FNDA:0,generateCorrelationId
FNDA:0,getOrCreateCorrelationId
FNDA:0,withCorrelation
FNDA:0,logRequestStart
FNDA:0,logRequestEnd
DA:16,0
DA:17,0
DA:24,0
DA:25,0
DA:26,0
DA:33,0
DA:34,0
DA:35,0
DA:37,0
DA:47,0
DA:62,0
DA:82,0
DA:83,0
LF:13
LH:0
BRDA:33,0,0,0
BRDA:33,0,1,0
BRDA:35,1,0,0
BRDA:35,1,1,0
BRDA:82,2,0,0
BRDA:82,2,1,0
BRDA:82,3,0,0
BRDA:82,3,1,0
BRF:8
BRH:0
end_of_record
TN:
SF:src\lib\cron-auth.ts
FN:5,requireCronAuth
FNF:1
FNH:0
FNDA:0,requireCronAuth
DA:6,0
DA:7,0
DA:8,0
DA:16,0
DA:17,0
DA:18,0
DA:19,0
DA:21,0
LF:8
LH:0
BRDA:7,0,0,0
BRDA:7,0,1,0
BRDA:7,1,0,0
BRDA:7,1,1,0
BRDA:16,2,0,0
BRDA:16,2,1,0
BRDA:17,3,0,0
BRDA:17,3,1,0
BRDA:18,4,0,0
BRDA:18,4,1,0
BRDA:18,5,0,0
BRDA:18,5,1,0
BRF:12
BRH:0
end_of_record
TN:
SF:src\lib\date-utils.ts
FN:35,formatDateDDMMYYYY
FN:51,formatDateTimeDDMMYYYY
FN:65,formatDateTimeShortDDMMYYYY
FN:83,parseDDMMYYYY
FN:115,isValidDDMMYYYY
FNF:5
FNH:0
FNDA:0,formatDateDDMMYYYY
FNDA:0,formatDateTimeDDMMYYYY
FNDA:0,formatDateTimeShortDDMMYYYY
FNDA:0,parseDDMMYYYY
FNDA:0,isValidDDMMYYYY
DA:36,0
DA:37,0
DA:38,0
DA:39,0
DA:40,0
DA:41,0
DA:42,0
DA:52,0
DA:53,0
DA:54,0
DA:55,0
DA:56,0
DA:57,0
DA:58,0
DA:59,0
DA:66,0
DA:67,0
DA:68,0
DA:69,0
DA:70,0
DA:71,0
DA:72,0
DA:84,0
DA:85,0
DA:86,0
DA:89,0
DA:90,0
DA:91,0
DA:92,0
DA:93,0
DA:94,0
DA:95,0
DA:100,0
DA:102,0
DA:106,0
DA:107,0
DA:116,0
DA:117,0
DA:124,0
LF:39
LH:0
BRDA:36,0,0,0
BRDA:36,0,1,0
BRDA:37,1,0,0
BRDA:37,1,1,0
BRDA:38,2,0,0
BRDA:38,2,1,0
BRDA:52,3,0,0
BRDA:52,3,1,0
BRDA:53,4,0,0
BRDA:53,4,1,0
BRDA:54,5,0,0
BRDA:54,5,1,0
BRDA:66,6,0,0
BRDA:66,6,1,0
BRDA:67,7,0,0
BRDA:67,7,1,0
BRDA:68,8,0,0
BRDA:68,8,1,0
BRDA:84,9,0,0
BRDA:84,9,1,0
BRDA:86,10,0,0
BRDA:86,10,1,0
BRDA:90,11,0,0
BRDA:90,11,1,0
BRDA:95,12,0,0
BRDA:95,12,1,0
BRDA:96,13,0,0
BRDA:96,13,1,0
BRDA:96,13,2,0
BRDA:107,14,0,0
BRDA:107,14,1,0
BRDA:116,15,0,0
BRDA:116,15,1,0
BRDA:117,16,0,0
BRDA:117,16,1,0
BRF:35
BRH:0
end_of_record
TN:
SF:src\lib\db-degraded.ts
FN:20,enterDegradedMode
FN:29,exitDegradedMode
FN:38,isDegraded
FN:43,getStatus
FN:52,getCachedHealth
FNF:5
FNH:0
FNDA:0,enterDegradedMode
FNDA:0,exitDegradedMode
FNDA:0,isDegraded
FNDA:0,getStatus
FNDA:0,getCachedHealth
DA:13,0
DA:14,0
DA:15,0
DA:16,0
DA:18,0
DA:21,0
DA:22,0
DA:23,0
DA:24,0
DA:30,0
DA:31,0
DA:32,0
DA:33,0
DA:39,0
DA:44,0
DA:54,0
DA:55,0
DA:58,0
DA:59,0
DA:60,0
DA:61,0
DA:62,0
DA:64,0
DA:66,0
DA:67,0
LF:25
LH:0
BRDA:21,0,0,0
BRDA:21,0,1,0
BRDA:30,1,0,0
BRDA:30,1,1,0
BRDA:47,2,0,0
BRDA:47,2,1,0
BRDA:54,3,0,0
BRDA:54,3,1,0
BRDA:54,4,0,0
BRDA:54,4,1,0
BRDA:61,5,0,0
BRDA:61,5,1,0
BRDA:64,6,0,0
BRDA:64,6,1,0
BRDA:64,7,0,0
BRDA:64,7,1,0
BRDA:66,8,0,0
BRDA:66,8,1,0
BRF:18
BRH:0
end_of_record
TN:
SF:src\lib\db.ts
FN:11,startRecoveryCheck
FN:16,(anonymous_1)
FN:53,getMockFallback
FN:155,(anonymous_3)
FN:209,$queryRaw
FN:228,$executeRaw
FN:248,$allOperations
FN:369,gracefulShutdown
FN:376,getPoolStats
FNF:9
FNH:2
FNDA:0,startRecoveryCheck
FNDA:0,(anonymous_1)
FNDA:0,getMockFallback
FNDA:9,(anonymous_3)
FNDA:0,$queryRaw
FNDA:0,$executeRaw
FNDA:538,$allOperations
FNDA:0,gracefulShutdown
FNDA:0,getPoolStats
DA:4,9
DA:8,9
DA:9,9
DA:12,0
DA:13,0
DA:16,0
DA:17,0
DA:18,0
DA:19,0
DA:22,0
DA:23,0
DA:24,0
DA:25,0
DA:31,0
DA:32,0
DA:36,9
DA:38,9
DA:51,9
DA:54,0
DA:55,0
DA:57,0
DA:58,0
DA:59,0
DA:60,0
DA:63,0
DA:64,0
DA:65,0
DA:66,0
DA:69,0
DA:74,0
DA:75,0
DA:78,0
DA:79,0
DA:81,0
DA:82,0
DA:85,0
DA:109,0
DA:110,0
DA:120,0
DA:121,0
DA:127,0
DA:128,0
DA:134,0
DA:137,0
DA:138,0
DA:147,0
DA:148,0
DA:149,0
DA:152,0
DA:155,9
DA:156,9
DA:157,9
DA:159,9
DA:161,9
DA:162,9
DA:163,9
DA:164,9
DA:170,9
DA:171,9
DA:173,9
DA:174,9
DA:176,9
DA:177,9
DA:185,9
DA:186,9
DA:192,0
DA:196,9
DA:207,9
DA:210,0
DA:211,0
DA:213,0
DA:214,0
DA:216,0
DA:217,0
DA:218,0
DA:219,0
DA:223,0
DA:225,0
DA:229,0
DA:230,0
DA:232,0
DA:233,0
DA:235,0
DA:236,0
DA:237,0
DA:238,0
DA:242,0
DA:244,0
DA:259,538
DA:260,0
DA:263,538
DA:271,538
DA:272,192
DA:273,192
DA:274,0
DA:275,0
DA:280,0
DA:281,0
DA:282,0
DA:283,0
DA:286,0
DA:288,0
DA:291,192
DA:292,0
DA:293,0
DA:298,0
DA:299,0
DA:300,0
DA:301,0
DA:304,0
DA:306,0
DA:309,192
DA:310,1
DA:311,1
DA:312,1
DA:315,192
DA:316,12
DA:317,12
DA:318,12
DA:319,12
DA:321,0
DA:322,0
DA:323,0
DA:324,0
DA:327,0
DA:329,0
DA:332,180
DA:333,13
DA:334,13
DA:335,13
DA:340,526
DA:341,526
DA:343,1
DA:344,0
DA:345,0
DA:346,0
DA:349,0
DA:351,1
DA:358,9
DA:361,9
DA:363,9
DA:364,9
DA:370,0
DA:371,0
DA:373,0
DA:377,0
LF:146
LH:51
BRDA:12,0,0,0
BRDA:12,0,1,0
BRDA:12,1,0,0
BRDA:12,1,1,0
BRDA:23,2,0,0
BRDA:23,2,1,0
BRDA:31,3,0,0
BRDA:31,3,1,0
BRDA:31,4,0,0
BRDA:31,4,1,0
BRDA:54,5,0,0
BRDA:54,5,1,0
BRDA:55,6,0,0
BRDA:55,6,1,0
BRDA:57,7,0,0
BRDA:57,7,1,0
BRDA:57,8,0,0
BRDA:57,8,1,0
BRDA:58,9,0,0
BRDA:58,9,1,0
BRDA:58,9,2,0
BRDA:59,10,0,0
BRDA:59,10,1,0
BRDA:63,11,0,0
BRDA:63,11,1,0
BRDA:63,12,0,0
BRDA:63,12,1,0
BRDA:64,13,0,0
BRDA:64,13,1,0
BRDA:69,14,0,0
BRDA:69,14,1,0
BRDA:69,14,2,0
BRDA:69,14,3,0
BRDA:69,14,4,0
BRDA:69,14,5,0
BRDA:69,14,6,0
BRDA:69,14,7,0
BRDA:74,15,0,0
BRDA:74,15,1,0
BRDA:78,16,0,0
BRDA:78,16,1,0
BRDA:78,16,2,0
BRDA:79,17,0,0
BRDA:79,17,1,0
BRDA:81,18,0,0
BRDA:81,18,1,0
BRDA:81,19,0,0
BRDA:81,19,1,0
BRDA:109,20,0,0
BRDA:109,20,1,0
BRDA:112,21,0,0
BRDA:112,21,1,0
BRDA:112,21,2,0
BRDA:120,22,0,0
BRDA:120,22,1,0
BRDA:123,23,0,0
BRDA:123,23,1,0
BRDA:123,23,2,0
BRDA:127,24,0,0
BRDA:127,24,1,0
BRDA:130,25,0,0
BRDA:130,25,1,0
BRDA:130,25,2,0
BRDA:137,26,0,0
BRDA:137,26,1,0
BRDA:147,27,0,0
BRDA:147,27,1,0
BRDA:147,28,0,0
BRDA:147,28,1,0
BRDA:147,28,2,0
BRDA:148,29,0,0
BRDA:148,29,1,0
BRDA:148,29,2,0
BRDA:161,30,0,9
BRDA:161,30,1,0
BRDA:161,31,0,9
BRDA:161,31,1,9
BRDA:161,31,2,0
BRDA:164,32,0,9
BRDA:164,32,1,0
BRDA:170,33,0,9
BRDA:170,33,1,0
BRDA:171,34,0,9
BRDA:171,34,1,9
BRDA:173,35,0,9
BRDA:173,35,1,0
BRDA:174,36,0,9
BRDA:174,36,1,9
BRDA:176,37,0,9
BRDA:176,37,1,0
BRDA:177,38,0,0
BRDA:177,38,1,9
BRDA:187,39,0,9
BRDA:187,39,1,9
BRDA:188,40,0,9
BRDA:188,40,1,9
BRDA:189,41,0,0
BRDA:189,41,1,9
BRDA:197,42,0,0
BRDA:197,42,1,9
BRDA:197,43,0,0
BRDA:197,43,1,0
BRDA:198,44,0,9
BRDA:198,44,1,0
BRDA:210,45,0,0
BRDA:210,45,1,0
BRDA:210,46,0,0
BRDA:210,46,1,0
BRDA:216,47,0,0
BRDA:216,47,1,0
BRDA:221,48,0,0
BRDA:221,48,1,0
BRDA:229,49,0,0
BRDA:229,49,1,0
BRDA:229,50,0,0
BRDA:229,50,1,0
BRDA:235,51,0,0
BRDA:235,51,1,0
BRDA:240,52,0,0
BRDA:240,52,1,0
BRDA:259,53,0,0
BRDA:259,53,1,538
BRDA:259,54,0,538
BRDA:259,54,1,0
BRDA:271,55,0,192
BRDA:271,55,1,346
BRDA:273,56,0,0
BRDA:273,56,1,192
BRDA:280,57,0,0
BRDA:280,57,1,0
BRDA:284,58,0,0
BRDA:284,58,1,0
BRDA:291,59,0,0
BRDA:291,59,1,192
BRDA:294,60,0,0
BRDA:294,60,1,0
BRDA:298,61,0,0
BRDA:298,61,1,0
BRDA:302,62,0,0
BRDA:302,62,1,0
BRDA:309,63,0,1
BRDA:309,63,1,191
BRDA:310,64,0,1
BRDA:310,64,1,0
BRDA:311,65,0,1
BRDA:311,65,1,0
BRDA:315,66,0,12
BRDA:315,66,1,180
BRDA:315,67,0,192
BRDA:315,67,1,180
BRDA:316,68,0,0
BRDA:316,68,1,12
BRDA:321,69,0,0
BRDA:321,69,1,0
BRDA:325,70,0,0
BRDA:325,70,1,0
BRDA:332,71,0,13
BRDA:332,71,1,167
BRDA:333,72,0,13
BRDA:333,72,1,0
BRDA:334,73,0,13
BRDA:334,73,1,0
BRDA:343,74,0,0
BRDA:343,74,1,1
BRDA:347,75,0,0
BRDA:347,75,1,0
BRDA:361,76,0,9
BRDA:361,76,1,9
BRDA:363,77,0,9
BRDA:363,77,1,0
BRDA:370,78,0,0
BRDA:370,78,1,0
BRDA:370,79,0,0
BRDA:370,79,1,0
BRDA:378,80,0,0
BRDA:378,80,1,0
BRDA:379,81,0,0
BRDA:379,81,1,0
BRDA:380,82,0,0
BRDA:380,82,1,0
BRF:180
BRH:42
end_of_record
TN:
SF:src\lib\dynamic-pricing.ts
FN:48,calculateDynamicPrice
FN:98,getHubAvailability
FNF:2
FNH:0
FNDA:0,calculateDynamicPrice
FNDA:0,getHubAvailability
DA:31,0
DA:32,0
DA:33,0
DA:34,0
DA:35,0
DA:36,0
DA:52,0
DA:58,0
DA:60,0
DA:61,0
DA:62,0
DA:63,0
DA:64,0
DA:66,0
DA:68,0
DA:69,0
DA:70,0
DA:71,0
DA:74,0
DA:75,0
DA:76,0
DA:80,0
DA:82,0
DA:84,0
DA:99,0
DA:105,0
DA:106,0
DA:109,0
DA:111,0
LF:29
LH:0
BRDA:58,0,0,0
BRDA:58,0,1,0
BRDA:64,1,0,0
BRDA:64,1,1,0
BRDA:105,2,0,0
BRDA:105,2,1,0
BRDA:109,3,0,0
BRDA:109,3,1,0
BRF:8
BRH:0
end_of_record
TN:
SF:src\lib\env.ts
FN:41,(anonymous_0)
FN:47,(anonymous_1)
FN:52,(anonymous_2)
FN:56,(anonymous_3)
FN:60,(anonymous_4)
FN:66,(anonymous_5)
FN:70,(anonymous_6)
FN:74,(anonymous_7)
FN:78,(anonymous_8)
FN:180,(anonymous_9)
FN:189,(anonymous_10)
FNF:11
FNH:9
FNDA:1,(anonymous_0)
FNDA:1,(anonymous_1)
FNDA:1,(anonymous_2)
FNDA:1,(anonymous_3)
FNDA:1,(anonymous_4)
FNDA:1,(anonymous_5)
FNDA:1,(anonymous_6)
FNDA:1,(anonymous_7)
FNDA:1,(anonymous_8)
FNDA:0,(anonymous_9)
FNDA:0,(anonymous_10)
DA:3,1
DA:41,1
DA:47,1
DA:52,1
DA:56,1
DA:60,1
DA:66,1
DA:70,1
DA:74,1
DA:78,1
DA:81,1
DA:82,1
DA:85,1
DA:89,1
DA:91,1
DA:111,1
DA:113,1
DA:115,0
DA:116,0
DA:119,1
DA:121,1
DA:122,0
DA:123,0
DA:128,0
DA:129,0
DA:133,0
DA:134,0
DA:139,0
DA:140,0
DA:143,0
DA:144,0
DA:147,0
DA:148,0
DA:149,0
DA:154,0
DA:155,0
DA:156,0
DA:157,0
DA:163,0
DA:164,0
DA:168,1
DA:170,1
DA:171,0
DA:178,0
DA:179,0
DA:180,0
DA:183,0
DA:188,0
DA:189,0
DA:192,0
DA:200,1
DA:201,0
DA:205,1
DA:206,0
DA:212,1
LF:55
LH:24
BRDA:81,0,0,1
BRDA:81,0,1,0
BRDA:83,1,0,1
BRDA:83,1,1,0
BRDA:86,2,0,1
BRDA:86,2,1,0
BRDA:91,3,0,1
BRDA:91,3,1,0
BRDA:113,4,0,0
BRDA:113,4,1,1
BRDA:121,5,0,0
BRDA:121,5,1,1
BRDA:121,6,0,1
BRDA:121,6,1,1
BRDA:121,6,2,1
BRDA:122,7,0,0
BRDA:122,7,1,0
BRDA:128,8,0,0
BRDA:128,8,1,0
BRDA:133,9,0,0
BRDA:133,9,1,0
BRDA:139,10,0,0
BRDA:139,10,1,0
BRDA:143,11,0,0
BRDA:143,11,1,0
BRDA:148,12,0,0
BRDA:148,12,1,0
BRDA:154,13,0,0
BRDA:154,13,1,0
BRDA:156,14,0,0
BRDA:156,14,1,0
BRDA:163,15,0,0
BRDA:163,15,1,0
BRDA:163,16,0,0
BRDA:163,16,1,0
BRDA:168,17,0,1
BRDA:168,17,1,0
BRDA:170,18,0,0
BRDA:170,18,1,1
BRDA:179,19,0,0
BRDA:179,19,1,0
BRDA:180,20,0,0
BRDA:180,20,1,0
BRDA:188,21,0,0
BRDA:188,21,1,0
BRDA:189,22,0,0
BRDA:189,22,1,0
BRDA:200,23,0,0
BRDA:200,23,1,1
BRDA:200,24,0,1
BRDA:200,24,1,1
BRDA:205,25,0,0
BRDA:205,25,1,1
BRDA:205,26,0,1
BRDA:205,26,1,1
BRF:55
BRH:17
end_of_record
TN:
SF:src\lib\faq.ts
FNF:0
FNH:0
DA:10,0
LF:1
LH:0
BRF:0
BRH:0
end_of_record
TN:
SF:src\lib\fcm.ts
FN:18,(anonymous_0)
FN:26,trackNonce
FN:47,sendDataMessage
FN:74,sendRemoteLock
FN:81,sendSecurityCommand
FN:112,sendRemoteWipe
FN:119,sendRemoteCameraControl
FN:126,sendEnforcePasscode
FN:133,sendCheckLocationIntegrity
FN:137,sendAdminLock
FN:143,sendUnlockDevice
FN:146,sendPersistApp
FN:149,sendEnforceLocation
FN:152,sendRestrictAppsControl
FN:161,sendPushNotification
FN:198,sendOverlayTrigger
FNF:16
FNH:0
FNDA:0,(anonymous_0)
FNDA:0,trackNonce
FNDA:0,sendDataMessage
FNDA:0,sendRemoteLock
FNDA:0,sendSecurityCommand
FNDA:0,sendRemoteWipe
FNDA:0,sendRemoteCameraControl
FNDA:0,sendEnforcePasscode
FNDA:0,sendCheckLocationIntegrity
FNDA:0,sendAdminLock
FNDA:0,sendUnlockDevice
FNDA:0,sendPersistApp
FNDA:0,sendEnforceLocation
FNDA:0,sendRestrictAppsControl
FNDA:0,sendPushNotification
FNDA:0,sendOverlayTrigger
DA:12,1
DA:13,1
DA:16,1
DA:17,1
DA:18,1
DA:19,0
DA:20,0
DA:21,0
DA:27,0
DA:28,0
DA:29,0
DA:30,0
DA:32,0
DA:33,0
DA:42,1
DA:48,0
DA:49,0
DA:50,0
DA:53,0
DA:54,0
DA:62,0
DA:63,0
DA:64,0
DA:66,0
DA:67,0
DA:75,0
DA:82,0
DA:83,0
DA:85,0
DA:86,0
DA:87,0
DA:88,0
DA:91,0
DA:92,0
DA:95,0
DA:98,0
DA:113,0
DA:120,0
DA:127,0
DA:134,0
DA:140,0
DA:144,0
DA:147,0
DA:150,0
DA:153,0
DA:167,0
DA:169,0
DA:170,0
DA:187,0
DA:188,0
DA:190,0
DA:191,0
DA:203,0
LF:53
LH:6
BRDA:16,0,0,1
BRDA:16,0,1,0
BRDA:16,1,0,1
BRDA:16,1,1,1
BRDA:21,2,0,0
BRDA:21,2,1,0
BRDA:28,3,0,0
BRDA:28,3,1,0
BRDA:48,4,0,0
BRDA:48,4,1,0
BRDA:67,5,0,0
BRDA:67,5,1,0
BRDA:67,6,0,0
BRDA:67,6,1,0
BRDA:81,7,0,0
BRDA:82,8,0,0
BRDA:82,8,1,0
BRDA:82,9,0,0
BRDA:82,9,1,0
BRDA:91,10,0,0
BRDA:91,10,1,0
BRDA:120,11,0,0
BRDA:120,11,1,0
BRDA:126,12,0,0
BRDA:165,13,0,0
BRDA:167,14,0,0
BRDA:167,14,1,0
BRDA:191,15,0,0
BRDA:191,15,1,0
BRDA:201,16,0,0
BRF:30
BRH:3
end_of_record
TN:
SF:src\lib\feature-flags.ts
FN:35,loadDbFlags
FN:59,getFeatureFlags
FN:69,(anonymous_2)
FN:88,isFeatureEnabled
FN:93,getMaxUploadSize
FN:98,updateFeatureFlag
FN:118,getAllFeatureFlags
FNF:7
FNH:0
FNDA:0,loadDbFlags
FNDA:0,getFeatureFlags
FNDA:0,(anonymous_2)
FNDA:0,isFeatureEnabled
FNDA:0,getMaxUploadSize
FNDA:0,updateFeatureFlag
FNDA:0,getAllFeatureFlags
DA:17,0
DA:30,0
DA:31,0
DA:32,0
DA:33,0
DA:36,0
DA:37,0
DA:41,0
DA:42,0
DA:43,0
DA:44,0
DA:45,0
DA:46,0
DA:47,0
DA:49,0
DA:53,0
DA:55,0
DA:60,0
DA:61,0
DA:62,0
DA:65,0
DA:66,0
DA:69,0
DA:70,0
DA:71,0
DA:73,0
DA:77,0
DA:79,0
DA:81,0
DA:85,0
DA:89,0
DA:90,0
DA:94,0
DA:95,0
DA:99,0
DA:100,0
DA:101,0
DA:107,0
DA:108,0
DA:110,0
DA:111,0
DA:113,0
DA:114,0
DA:121,0
DA:122,0
DA:124,0
DA:125,0
DA:131,0
DA:132,0
DA:135,0
DA:136,0
DA:137,0
DA:138,0
DA:139,0
DA:146,0
LF:55
LH:0
BRDA:27,0,0,0
BRDA:27,0,1,0
BRDA:44,1,0,0
BRDA:44,1,1,0
BRDA:46,2,0,0
BRDA:46,2,1,0
BRDA:61,3,0,0
BRDA:61,3,1,0
BRDA:61,4,0,0
BRDA:61,4,1,0
BRDA:65,5,0,0
BRDA:65,5,1,0
BRDA:137,6,0,0
BRDA:137,6,1,0
BRF:14
BRH:0
end_of_record
TN:
SF:src\lib\firebase-admin.ts
FN:12,(anonymous_0)
FNF:1
FNH:1
FNDA:1,(anonymous_0)
DA:12,1
DA:14,1
DA:15,1
DA:16,0
DA:19,1
DA:20,1
DA:22,1
DA:24,1
DA:25,1
DA:26,1
DA:29,0
DA:30,0
DA:38,0
DA:39,0
DA:43,1
DA:45,1
LF:16
LH:11
BRDA:15,0,0,0
BRDA:15,0,1,1
BRDA:24,1,0,1
BRDA:24,1,1,0
BRDA:24,2,0,1
BRDA:24,2,1,0
BRDA:24,2,2,0
BRDA:45,3,0,0
BRDA:45,3,1,1
BRF:9
BRH:4
end_of_record
TN:
SF:src\lib\flatten-rider.ts
FN:37,flattenRider
FN:136,(anonymous_1)
FN:137,(anonymous_2)
FN:138,(anonymous_3)
FN:163,flattenRiderPartial
FN:257,(anonymous_5)
FN:283,paiseToRupees
FN:290,rupeesToPaise
FNF:8
FNH:1
FNDA:0,flattenRider
FNDA:0,(anonymous_1)
FNDA:0,(anonymous_2)
FNDA:0,(anonymous_3)
FNDA:0,flattenRiderPartial
FNDA:0,(anonymous_5)
FNDA:2,paiseToRupees
FNDA:0,rupeesToPaise
DA:38,0
DA:40,0
DA:41,0
DA:58,0
DA:59,0
DA:60,0
DA:61,0
DA:62,0
DA:63,0
DA:65,0
DA:136,0
DA:138,0
DA:139,0
DA:140,0
DA:164,0
DA:165,0
DA:182,0
DA:183,0
DA:205,0
DA:206,0
DA:207,0
DA:208,0
DA:209,0
DA:210,0
DA:211,0
DA:212,0
DA:213,0
DA:214,0
DA:215,0
DA:216,0
DA:217,0
DA:218,0
DA:219,0
DA:220,0
DA:224,0
DA:225,0
DA:226,0
DA:227,0
DA:228,0
DA:229,0
DA:230,0
DA:234,0
DA:235,0
DA:236,0
DA:237,0
DA:238,0
DA:239,0
DA:240,0
DA:241,0
DA:242,0
DA:243,0
DA:244,0
DA:245,0
DA:246,0
DA:247,0
DA:248,0
DA:249,0
DA:253,0
DA:255,0
DA:256,0
DA:257,0
DA:258,0
DA:259,0
DA:260,0
DA:261,0
DA:262,0
DA:263,0
DA:264,0
DA:265,0
DA:266,0
DA:268,0
DA:269,0
DA:273,0
DA:274,0
DA:275,0
DA:277,0
DA:284,2
DA:291,0
LF:78
LH:1
BRDA:40,0,0,0
BRDA:40,0,1,0
BRDA:58,1,0,0
BRDA:58,1,1,0
BRDA:69,2,0,0
BRDA:69,2,1,0
BRDA:69,3,0,0
BRDA:69,3,1,0
BRDA:70,4,0,0
BRDA:70,4,1,0
BRDA:71,5,0,0
BRDA:71,5,1,0
BRDA:77,6,0,0
BRDA:77,6,1,0
BRDA:80,7,0,0
BRDA:80,7,1,0
BRDA:81,8,0,0
BRDA:81,8,1,0
BRDA:82,9,0,0
BRDA:82,9,1,0
BRDA:83,10,0,0
BRDA:83,10,1,0
BRDA:84,11,0,0
BRDA:84,11,1,0
BRDA:85,12,0,0
BRDA:85,12,1,0
BRDA:86,13,0,0
BRDA:86,13,1,0
BRDA:87,14,0,0
BRDA:87,14,1,0
BRDA:88,15,0,0
BRDA:88,15,1,0
BRDA:89,16,0,0
BRDA:89,16,1,0
BRDA:90,17,0,0
BRDA:90,17,1,0
BRDA:91,18,0,0
BRDA:91,18,1,0
BRDA:92,19,0,0
BRDA:92,19,1,0
BRDA:93,20,0,0
BRDA:93,20,1,0
BRDA:96,21,0,0
BRDA:96,21,1,0
BRDA:97,22,0,0
BRDA:97,22,1,0
BRDA:98,23,0,0
BRDA:98,23,1,0
BRDA:99,24,0,0
BRDA:99,24,1,0
BRDA:100,25,0,0
BRDA:100,25,1,0
BRDA:103,26,0,0
BRDA:103,26,1,0
BRDA:104,27,0,0
BRDA:104,27,1,0
BRDA:105,28,0,0
BRDA:105,28,1,0
BRDA:106,29,0,0
BRDA:106,29,1,0
BRDA:107,30,0,0
BRDA:107,30,1,0
BRDA:108,31,0,0
BRDA:108,31,1,0
BRDA:109,32,0,0
BRDA:109,32,1,0
BRDA:110,33,0,0
BRDA:110,33,1,0
BRDA:111,34,0,0
BRDA:111,34,1,0
BRDA:112,35,0,0
BRDA:112,35,1,0
BRDA:113,36,0,0
BRDA:113,36,1,0
BRDA:114,37,0,0
BRDA:114,37,1,0
BRDA:115,38,0,0
BRDA:115,38,1,0
BRDA:116,39,0,0
BRDA:116,39,1,0
BRDA:119,40,0,0
BRDA:119,40,1,0
BRDA:120,41,0,0
BRDA:120,41,1,0
BRDA:121,42,0,0
BRDA:121,42,1,0
BRDA:122,43,0,0
BRDA:122,43,1,0
BRDA:123,44,0,0
BRDA:123,44,1,0
BRDA:124,45,0,0
BRDA:124,45,1,0
BRDA:125,46,0,0
BRDA:125,46,1,0
BRDA:126,47,0,0
BRDA:126,47,1,0
BRDA:127,48,0,0
BRDA:127,48,1,0
BRDA:129,49,0,0
BRDA:129,49,1,0
BRDA:130,50,0,0
BRDA:130,50,1,0
BRDA:132,51,0,0
BRDA:132,51,1,0
BRDA:133,52,0,0
BRDA:133,52,1,0
BRDA:136,53,0,0
BRDA:136,53,1,0
BRDA:139,54,0,0
BRDA:139,54,1,0
BRDA:164,55,0,0
BRDA:164,55,1,0
BRDA:182,56,0,0
BRDA:182,56,1,0
BRDA:187,57,0,0
BRDA:187,57,1,0
BRDA:187,58,0,0
BRDA:187,58,1,0
BRDA:188,59,0,0
BRDA:188,59,1,0
BRDA:189,60,0,0
BRDA:189,60,1,0
BRDA:195,61,0,0
BRDA:195,61,1,0
BRDA:196,62,0,0
BRDA:196,62,1,0
BRDA:197,63,0,0
BRDA:197,63,1,0
BRDA:198,64,0,0
BRDA:198,64,1,0
BRDA:200,65,0,0
BRDA:200,65,1,0
BRDA:201,66,0,0
BRDA:201,66,1,0
BRDA:205,67,0,0
BRDA:205,67,1,0
BRDA:207,68,0,0
BRDA:207,68,1,0
BRDA:208,69,0,0
BRDA:208,69,1,0
BRDA:209,70,0,0
BRDA:209,70,1,0
BRDA:210,71,0,0
BRDA:210,71,1,0
BRDA:211,72,0,0
BRDA:211,72,1,0
BRDA:212,73,0,0
BRDA:212,73,1,0
BRDA:213,74,0,0
BRDA:213,74,1,0
BRDA:214,75,0,0
BRDA:214,75,1,0
BRDA:215,76,0,0
BRDA:215,76,1,0
BRDA:216,77,0,0
BRDA:216,77,1,0
BRDA:217,78,0,0
BRDA:217,78,1,0
BRDA:218,79,0,0
BRDA:218,79,1,0
BRDA:219,80,0,0
BRDA:219,80,1,0
BRDA:220,81,0,0
BRDA:220,81,1,0
BRDA:224,82,0,0
BRDA:224,82,1,0
BRDA:226,83,0,0
BRDA:226,83,1,0
BRDA:227,84,0,0
BRDA:227,84,1,0
BRDA:228,85,0,0
BRDA:228,85,1,0
BRDA:229,86,0,0
BRDA:229,86,1,0
BRDA:230,87,0,0
BRDA:230,87,1,0
BRDA:234,88,0,0
BRDA:234,88,1,0
BRDA:236,89,0,0
BRDA:236,89,1,0
BRDA:237,90,0,0
BRDA:237,90,1,0
BRDA:238,91,0,0
BRDA:238,91,1,0
BRDA:239,92,0,0
BRDA:239,92,1,0
BRDA:240,93,0,0
BRDA:240,93,1,0
BRDA:241,94,0,0
BRDA:241,94,1,0
BRDA:242,95,0,0
BRDA:242,95,1,0
BRDA:243,96,0,0
BRDA:243,96,1,0
BRDA:244,97,0,0
BRDA:244,97,1,0
BRDA:245,98,0,0
BRDA:245,98,1,0
BRDA:246,99,0,0
BRDA:246,99,1,0
BRDA:247,100,0,0
BRDA:247,100,1,0
BRDA:248,101,0,0
BRDA:248,101,1,0
BRDA:249,102,0,0
BRDA:249,102,1,0
BRDA:253,103,0,0
BRDA:253,103,1,0
BRDA:253,104,0,0
BRDA:253,104,1,0
BRDA:255,105,0,0
BRDA:255,105,1,0
BRDA:259,106,0,0
BRDA:259,106,1,0
BRDA:268,107,0,0
BRDA:268,107,1,0
BRF:216
BRH:0
end_of_record
TN:
SF:src\lib\geo.ts
FN:8,calculateDistance
FN:20,deg2rad
FN:27,calculateTotalDistance
FNF:3
FNH:0
FNDA:0,calculateDistance
FNDA:0,deg2rad
FNDA:0,calculateTotalDistance
DA:9,0
DA:10,0
DA:11,0
DA:13,0
DA:15,0
DA:16,0
DA:17,0
DA:21,0
DA:28,0
DA:30,0
DA:31,0
DA:32,0
DA:39,0
LF:13
LH:0
BRDA:28,0,0,0
BRDA:28,0,1,0
BRF:2
BRH:0
end_of_record
TN:
SF:src\lib\get-session.ts
FN:10,getCookie
FN:20,getSession
FN:46,getAdminSession
FN:81,getRiderId
FN:96,getRiderPhone
FN:109,getAdminId
FNF:6
FNH:0
FNDA:0,getCookie
FNDA:0,getSession
FNDA:0,getAdminSession
FNDA:0,getRiderId
FNDA:0,getRiderPhone
FNDA:0,getAdminId
DA:11,0
DA:12,0
DA:24,0
DA:25,0
DA:26,0
DA:27,0
DA:32,0
DA:33,0
DA:36,0
DA:37,0
DA:50,0
DA:51,0
DA:52,0
DA:53,0
DA:58,0
DA:59,0
DA:62,0
DA:63,0
DA:66,0
DA:67,0
DA:68,0
DA:69,0
DA:71,0
DA:83,0
DA:84,0
DA:85,0
DA:89,0
DA:90,0
DA:97,0
DA:98,0
DA:99,0
DA:102,0
DA:103,0
DA:110,0
DA:111,0
DA:112,0
DA:115,0
DA:116,0
LF:38
LH:0
BRDA:24,0,0,0
BRDA:24,0,1,0
BRDA:26,1,0,0
BRDA:26,1,1,0
BRDA:32,2,0,0
BRDA:32,2,1,0
BRDA:36,3,0,0
BRDA:36,3,1,0
BRDA:50,4,0,0
BRDA:50,4,1,0
BRDA:52,5,0,0
BRDA:52,5,1,0
BRDA:58,6,0,0
BRDA:58,6,1,0
BRDA:62,7,0,0
BRDA:62,7,1,0
BRDA:67,8,0,0
BRDA:67,8,1,0
BRDA:67,9,0,0
BRDA:67,9,1,0
BRDA:83,10,0,0
BRDA:83,10,1,0
BRDA:83,11,0,0
BRDA:83,11,1,0
BRDA:85,12,0,0
BRDA:85,12,1,0
BRDA:90,13,0,0
BRDA:90,13,1,0
BRDA:97,14,0,0
BRDA:97,14,1,0
BRDA:97,15,0,0
BRDA:97,15,1,0
BRDA:99,16,0,0
BRDA:99,16,1,0
BRDA:103,17,0,0
BRDA:103,17,1,0
BRDA:110,18,0,0
BRDA:110,18,1,0
BRDA:110,19,0,0
BRDA:110,19,1,0
BRDA:112,20,0,0
BRDA:112,20,1,0
BRDA:116,21,0,0
BRDA:116,21,1,0
BRDA:116,21,2,0
BRF:45
BRH:0
end_of_record
TN:
SF:src\lib\idempotency.ts
FN:14,(anonymous_0)
FN:49,checkOrClaimIdempotency
FN:85,(anonymous_2)
FN:114,(anonymous_3)
FN:141,completeIdempotency
FN:180,failIdempotency
FN:196,purgeExpiredIdempotencyKeys
FN:215,checkIdempotency
FN:221,saveIdempotency
FN:231,tryParseResponse
FNF:10
FNH:0
FNDA:0,(anonymous_0)
FNDA:0,checkOrClaimIdempotency
FNDA:0,(anonymous_2)
FNDA:0,(anonymous_3)
FNDA:0,completeIdempotency
FNDA:0,failIdempotency
FNDA:0,purgeExpiredIdempotencyKeys
FNDA:0,checkIdempotency
FNDA:0,saveIdempotency
FNDA:0,tryParseResponse
DA:9,0
DA:12,0
DA:13,0
DA:14,0
DA:16,0
DA:17,0
DA:18,0
DA:53,0
DA:55,0
DA:59,0
DA:67,0
DA:69,0
DA:73,0
DA:78,0
DA:80,0
DA:83,0
DA:85,0
DA:86,0
DA:88,0
DA:91,0
DA:93,0
DA:94,0
DA:95,0
DA:98,0
DA:99,0
DA:105,0
DA:114,0
DA:115,0
DA:116,0
DA:119,0
DA:122,0
DA:126,0
DA:127,0
DA:128,0
DA:129,0
DA:131,0
DA:134,0
DA:146,0
DA:147,0
DA:150,0
DA:151,0
DA:166,0
DA:170,0
DA:181,0
DA:182,0
DA:187,0
DA:189,0
DA:197,0
DA:198,0
DA:201,0
DA:202,0
DA:204,0
DA:206,0
DA:207,0
DA:216,0
DA:217,0
DA:218,0
DA:226,0
DA:232,0
DA:233,0
DA:234,0
DA:236,0
LF:62
LH:0
BRDA:12,0,0,0
BRDA:12,0,1,0
BRDA:12,1,0,0
BRDA:12,1,1,0
BRDA:18,2,0,0
BRDA:18,2,1,0
BRDA:51,3,0,0
BRDA:67,4,0,0
BRDA:67,4,1,0
BRDA:78,5,0,0
BRDA:78,5,1,0
BRDA:83,6,0,0
BRDA:83,6,1,0
BRDA:91,7,0,0
BRDA:91,7,1,0
BRDA:91,7,2,0
BRDA:91,7,3,0
BRDA:94,8,0,0
BRDA:94,8,1,0
BRDA:122,9,0,0
BRDA:122,9,1,0
BRDA:127,10,0,0
BRDA:127,10,1,0
BRDA:128,11,0,0
BRDA:128,11,1,0
BRDA:144,12,0,0
BRDA:166,13,0,0
BRDA:166,13,1,0
BRDA:187,14,0,0
BRDA:187,14,1,0
BRDA:201,15,0,0
BRDA:201,15,1,0
BRDA:206,16,0,0
BRDA:206,16,1,0
BRDA:217,17,0,0
BRDA:217,17,1,0
BRDA:224,18,0,0
BRDA:232,19,0,0
BRDA:232,19,1,0
BRF:39
BRH:0
end_of_record
TN:
SF:src\lib\image-compress.ts
FN:73,isSupportedImageType
FN:80,formatFileSize
FN:90,loadImage
FN:91,(anonymous_3)
FN:95,(anonymous_4)
FN:100,(anonymous_5)
FN:112,calculateDimensions
FN:138,canvasToBlob
FN:139,(anonymous_8)
FN:140,(anonymous_9)
FN:164,compressImage
FN:245,(anonymous_11)
FN:247,(anonymous_12)
FN:248,(anonymous_13)
FN:267,blobToFile
FNF:15
FNH:0
FNDA:0,isSupportedImageType
FNDA:0,formatFileSize
FNDA:0,loadImage
FNDA:0,(anonymous_3)
FNDA:0,(anonymous_4)
FNDA:0,(anonymous_5)
FNDA:0,calculateDimensions
FNDA:0,canvasToBlob
FNDA:0,(anonymous_8)
FNDA:0,(anonymous_9)
FNDA:0,compressImage
FNDA:0,(anonymous_11)
FNDA:0,(anonymous_12)
FNDA:0,(anonymous_13)
FNDA:0,blobToFile
DA:1,0
DA:51,0
DA:62,0
DA:74,0
DA:81,0
DA:82,0
DA:83,0
DA:91,0
DA:92,0
DA:93,0
DA:95,0
DA:96,0
DA:97,0
DA:100,0
DA:101,0
DA:102,0
DA:105,0
DA:118,0
DA:119,0
DA:121,0
DA:122,0
DA:123,0
DA:126,0
DA:127,0
DA:128,0
DA:132,0
DA:139,0
DA:140,0
DA:142,0
DA:143,0
DA:168,0
DA:169,0
DA:172,0
DA:173,0
DA:179,0
DA:182,0
DA:190,0
DA:191,0
DA:193,0
DA:194,0
DA:197,0
DA:198,0
DA:199,0
DA:202,0
DA:203,0
DA:204,0
DA:207,0
DA:209,0
DA:211,0
DA:212,0
DA:215,0
DA:219,0
DA:220,0
DA:221,0
DA:228,0
DA:229,0
DA:231,0
DA:232,0
DA:233,0
DA:236,0
DA:237,0
DA:240,0
DA:241,0
DA:245,0
DA:246,0
DA:247,0
DA:248,0
DA:249,0
DA:252,0
DA:268,0
LF:70
LH:0
BRDA:81,0,0,0
BRDA:81,0,1,0
BRDA:82,1,0,0
BRDA:82,1,1,0
BRDA:121,2,0,0
BRDA:121,2,1,0
BRDA:126,3,0,0
BRDA:126,3,1,0
BRDA:142,4,0,0
BRDA:142,4,1,0
BRDA:172,5,0,0
BRDA:172,5,1,0
BRDA:172,6,0,0
BRDA:172,6,1,0
BRDA:202,7,0,0
BRDA:202,7,1,0
BRDA:211,8,0,0
BRDA:211,8,1,0
BRDA:219,9,0,0
BRDA:219,9,1,0
BRDA:219,10,0,0
BRDA:219,10,1,0
BRDA:231,11,0,0
BRDA:231,11,1,0
BRDA:240,12,0,0
BRDA:240,12,1,0
BRF:26
BRH:0
end_of_record
TN:
SF:src\lib\image-optimizer.ts
FN:30,loadSharp
FN:42,optimizeImage
FN:67,generateThumbnail
FN:77,tryLoadSharp
FNF:4
FNH:0
FNDA:0,loadSharp
FNDA:0,optimizeImage
FNDA:0,generateThumbnail
FNDA:0,tryLoadSharp
DA:19,0
DA:28,0
DA:31,0
DA:32,0
DA:33,0
DA:34,0
DA:35,0
DA:37,0
DA:38,0
DA:46,0
DA:47,0
DA:48,0
DA:51,0
DA:52,0
DA:54,0
DA:59,0
DA:68,0
DA:69,0
DA:71,0
DA:78,0
DA:79,0
DA:80,0
DA:82,0
DA:83,0
LF:24
LH:0
BRDA:31,0,0,0
BRDA:31,0,1,0
BRDA:47,1,0,0
BRDA:47,1,1,0
BRDA:51,2,0,0
BRDA:51,2,1,0
BRDA:62,3,0,0
BRDA:62,3,1,0
BRDA:63,4,0,0
BRDA:63,4,1,0
BRDA:69,5,0,0
BRDA:69,5,1,0
BRDA:78,6,0,0
BRDA:78,6,1,0
BRDA:80,7,0,0
BRDA:80,7,1,0
BRF:16
BRH:0
end_of_record
TN:
SF:src\lib\job-queue.ts
FN:30,enqueue
FN:55,processJobs
FN:160,runReaper
FN:183,getStuckProcessingCount
FN:194,getQueueStats
FN:205,retryFailedJobs
FN:213,clearQueue
FNF:7
FNH:0
FNDA:0,enqueue
FNDA:0,processJobs
FNDA:0,runReaper
FNDA:0,getStuckProcessingCount
FNDA:0,getQueueStats
FNDA:0,retryFailedJobs
FNDA:0,clearQueue
DA:29,0
DA:36,0
DA:37,0
DA:47,0
DA:48,0
DA:50,0
DA:51,0
DA:60,0
DA:66,0
DA:94,0
DA:96,0
DA:97,0
DA:98,0
DA:107,0
DA:110,0
DA:120,0
DA:121,0
DA:122,0
DA:129,0
DA:130,0
DA:132,0
DA:142,0
DA:161,0
DA:162,0
DA:172,0
DA:173,0
DA:177,0
DA:184,0
DA:185,0
DA:191,0
DA:197,0
DA:202,0
DA:206,0
DA:210,0
DA:214,0
DA:220,0
LF:36
LH:0
BRDA:33,0,0,0
BRDA:34,1,0,0
BRDA:58,2,0,0
BRDA:94,3,0,0
BRDA:94,3,1,0
BRDA:120,4,0,0
BRDA:120,4,1,0
BRDA:120,5,0,0
BRDA:120,5,1,0
BRDA:137,6,0,0
BRDA:137,6,1,0
BRDA:138,7,0,0
BRDA:138,7,1,0
BRDA:172,8,0,0
BRDA:172,8,1,0
BRF:15
BRH:0
end_of_record
TN:
SF:src\lib\logger.ts
FN:19,maskSensitiveData
FN:27,(anonymous_1)
FN:32,(anonymous_2)
FN:50,(anonymous_3)
FN:55,info
FN:58,error
FN:61,warn
FN:64,debug
FNF:8
FNH:6
FNDA:42,maskSensitiveData
FNDA:0,(anonymous_1)
FNDA:1584,(anonymous_2)
FNDA:41,(anonymous_3)
FNDA:39,info
FNDA:1,error
FNDA:1,warn
FNDA:0,debug
DA:5,9
DA:20,42
DA:22,42
DA:23,42
DA:24,42
DA:26,42
DA:27,0
DA:30,42
DA:31,42
DA:32,1584
DA:33,0
DA:34,0
DA:36,0
DA:38,144
DA:39,1
DA:41,143
DA:44,42
DA:47,9
DA:50,41
DA:54,9
DA:56,39
DA:59,1
DA:62,1
DA:65,0
LF:24
LH:19
BRDA:20,0,0,0
BRDA:20,0,1,42
BRDA:20,1,0,42
BRDA:20,1,1,42
BRDA:22,2,0,0
BRDA:22,2,1,42
BRDA:23,3,0,42
BRDA:23,3,1,41
BRDA:26,4,0,0
BRDA:26,4,1,42
BRDA:32,5,0,0
BRDA:32,5,1,144
BRDA:33,6,0,0
BRDA:33,6,1,0
BRDA:34,7,0,0
BRDA:34,7,1,0
BRDA:38,8,0,1
BRDA:38,8,1,143
BRDA:38,9,0,144
BRDA:38,9,1,1
BRDA:48,10,0,9
BRDA:48,10,1,9
BRDA:56,11,0,39
BRDA:56,11,1,0
BRDA:59,12,0,1
BRDA:59,12,1,0
BRDA:62,13,0,1
BRDA:62,13,1,1
BRDA:65,14,0,0
BRDA:65,14,1,0
BRF:30
BRH:18
end_of_record
TN:
SF:src\lib\monitoring.ts
FN:19,mask
FN:22,(anonymous_1)
FN:27,sanitizeContext
FN:34,(anonymous_3)
FN:39,captureError
FN:48,captureMessage
FN:59,setUser
FNF:7
FNH:0
FNDA:0,mask
FNDA:0,(anonymous_1)
FNDA:0,sanitizeContext
FNDA:0,(anonymous_3)
FNDA:0,captureError
FNDA:0,captureMessage
FNDA:0,setUser
DA:20,0
DA:21,0
DA:22,0
DA:28,0
DA:29,0
DA:34,0
DA:40,0
DA:41,0
DA:53,0
DA:54,0
DA:55,0
DA:56,0
LF:12
LH:0
BRDA:20,0,0,0
BRDA:20,0,1,0
BRDA:22,1,0,0
BRDA:28,2,0,0
BRDA:28,2,1,0
BRDA:30,3,0,0
BRDA:30,3,1,0
BRDA:33,4,0,0
BRDA:33,4,1,0
BRDA:40,5,0,0
BRDA:40,5,1,0
BRDA:40,6,0,0
BRDA:40,6,1,0
BRDA:43,7,0,0
BRDA:43,7,1,0
BRDA:43,8,0,0
BRDA:43,8,1,0
BRDA:54,9,0,0
BRDA:54,9,1,0
BRDA:55,10,0,0
BRDA:55,10,1,0
BRF:21
BRH:0
end_of_record
TN:
SF:src\lib\notification-service.ts
FN:13,createAndSend
FN:49,notifyKycStatusChange
FN:62,notifySupportReply
FN:76,notifyPaymentReminder
FN:88,notifyRewardMilestone
FN:100,notifyBirthdayWish
FN:112,notifyReferralUpdate
FN:116,notifyShiftReminder
FN:125,notifyMandatoryUpdate
FN:133,notifyWalletBalanceLow
FNF:10
FNH:0
FNDA:0,createAndSend
FNDA:0,notifyKycStatusChange
FNDA:0,notifySupportReply
FNDA:0,notifyPaymentReminder
FNDA:0,notifyRewardMilestone
FNDA:0,notifyBirthdayWish
FNDA:0,notifyReferralUpdate
FNDA:0,notifyShiftReminder
FNDA:0,notifyMandatoryUpdate
FNDA:0,notifyWalletBalanceLow
DA:9,0
DA:20,0
DA:22,0
DA:32,0
DA:37,0
DA:39,0
DA:42,0
DA:44,0
DA:45,0
DA:50,0
DA:52,0
DA:56,0
DA:63,0
DA:77,0
DA:89,0
DA:101,0
DA:113,0
DA:117,0
DA:126,0
DA:127,0
DA:128,0
DA:130,0
DA:134,0
DA:135,0
DA:136,0
DA:140,0
LF:26
LH:0
BRDA:18,0,0,0
BRDA:37,1,0,0
BRDA:37,1,1,0
BRDA:50,2,0,0
BRDA:50,2,1,0
BRDA:52,3,0,0
BRDA:52,3,1,0
BRDA:54,4,0,0
BRDA:54,4,1,0
BRDA:127,5,0,0
BRDA:127,5,1,0
BRDA:135,6,0,0
BRDA:135,6,1,0
BRF:13
BRH:0
end_of_record
TN:
SF:src\lib\offline-store.ts
FN:36,subscribeToSync
FN:37,(anonymous_1)
FN:40,getPendingCount
FN:44,isOnline
FN:48,enqueueAction
FN:65,getSuspensionReasons
FN:69,cacheRiderState
FN:71,loadCachedRiderState
FN:75,processQueue
FN:79,onConnectivityChange
FN:80,(anonymous_10)
FN:83,clearRiderCache
FN:85,clearQueue
FNF:13
FNH:0
FNDA:0,subscribeToSync
FNDA:0,(anonymous_1)
FNDA:0,getPendingCount
FNDA:0,isOnline
FNDA:0,enqueueAction
FNDA:0,getSuspensionReasons
FNDA:0,cacheRiderState
FNDA:0,loadCachedRiderState
FNDA:0,processQueue
FNDA:0,onConnectivityChange
FNDA:0,(anonymous_10)
FNDA:0,clearRiderCache
FNDA:0,clearQueue
DA:37,0
DA:41,0
DA:45,0
DA:54,0
DA:66,0
DA:72,0
DA:76,0
DA:80,0
LF:8
LH:0
BRDA:58,0,0,0
BRDA:58,0,1,0
BRF:2
BRH:0
end_of_record
TN:
SF:src\lib\otp-store.ts
FN:28,shouldUseDatabaseStore
FN:32,hashOtp
FN:36,generateRandomOtp
FN:40,canResendOtp
FN:46,(anonymous_4)
FN:77,generateOtp
FN:86,(anonymous_6)
FN:115,(anonymous_7)
FN:136,verifyOtp
FN:145,(anonymous_9)
FN:150,(anonymous_10)
FN:192,clearOtpStore
FN:195,(anonymous_12)
FNF:13
FNH:0
FNDA:0,shouldUseDatabaseStore
FNDA:0,hashOtp
FNDA:0,generateRandomOtp
FNDA:0,canResendOtp
FNDA:0,(anonymous_4)
FNDA:0,generateOtp
FNDA:0,(anonymous_6)
FNDA:0,(anonymous_7)
FNDA:0,verifyOtp
FNDA:0,(anonymous_9)
FNDA:0,(anonymous_10)
FNDA:0,clearOtpStore
FNDA:0,(anonymous_12)
DA:19,0
DA:20,0
DA:21,0
DA:22,0
DA:23,0
DA:25,0
DA:26,0
DA:29,0
DA:33,0
DA:37,0
DA:41,0
DA:42,0
DA:44,0
DA:45,0
DA:46,0
DA:47,0
DA:49,0
DA:50,0
DA:51,0
DA:52,0
DA:55,0
DA:56,0
DA:57,0
DA:59,0
DA:62,0
DA:63,0
DA:65,0
DA:66,0
DA:67,0
DA:70,0
DA:71,0
DA:74,0
DA:78,0
DA:79,0
DA:81,0
DA:82,0
DA:84,0
DA:85,0
DA:86,0
DA:87,0
DA:90,0
DA:91,0
DA:113,0
DA:116,0
DA:117,0
DA:120,0
DA:121,0
DA:122,0
DA:123,0
DA:126,0
DA:132,0
DA:133,0
DA:140,0
DA:141,0
DA:142,0
DA:144,0
DA:145,0
DA:146,0
DA:147,0
DA:148,0
DA:149,0
DA:150,0
DA:151,0
DA:154,0
DA:155,0
DA:156,0
DA:160,0
DA:166,0
DA:170,0
DA:173,0
DA:174,0
DA:175,0
DA:176,0
DA:178,0
DA:179,0
DA:180,0
DA:181,0
DA:183,0
DA:184,0
DA:188,0
DA:189,0
DA:193,0
DA:194,0
DA:195,0
LF:84
LH:0
BRDA:29,0,0,0
BRDA:29,0,1,0
BRDA:41,1,0,0
BRDA:41,1,1,0
BRDA:44,2,0,0
BRDA:44,2,1,0
BRDA:47,3,0,0
BRDA:47,3,1,0
BRDA:50,4,0,0
BRDA:50,4,1,0
BRDA:56,5,0,0
BRDA:56,5,1,0
BRDA:56,6,0,0
BRDA:56,6,1,0
BRDA:63,7,0,0
BRDA:63,7,1,0
BRDA:65,8,0,0
BRDA:65,8,1,0
BRDA:70,9,0,0
BRDA:70,9,1,0
BRDA:79,10,0,0
BRDA:79,10,1,0
BRDA:81,11,0,0
BRDA:81,11,1,0
BRDA:82,12,0,0
BRDA:82,12,1,0
BRDA:84,13,0,0
BRDA:84,13,1,0
BRDA:87,14,0,0
BRDA:87,14,1,0
BRDA:109,15,0,0
BRDA:109,15,1,0
BRDA:121,16,0,0
BRDA:121,16,1,0
BRDA:123,17,0,0
BRDA:123,17,1,0
BRDA:140,18,0,0
BRDA:140,18,1,0
BRDA:142,19,0,0
BRDA:142,19,1,0
BRDA:142,20,0,0
BRDA:142,20,1,0
BRDA:144,21,0,0
BRDA:144,21,1,0
BRDA:146,22,0,0
BRDA:146,22,1,0
BRDA:147,23,0,0
BRDA:147,23,1,0
BRDA:148,24,0,0
BRDA:148,24,1,0
BRDA:149,25,0,0
BRDA:149,25,1,0
BRDA:155,26,0,0
BRDA:155,26,1,0
BRDA:173,27,0,0
BRDA:173,27,1,0
BRDA:174,28,0,0
BRDA:174,28,1,0
BRDA:175,29,0,0
BRDA:175,29,1,0
BRDA:176,30,0,0
BRDA:176,30,1,0
BRDA:179,31,0,0
BRDA:179,31,1,0
BRDA:183,32,0,0
BRDA:183,32,1,0
BRDA:195,33,0,0
BRDA:195,33,1,0
BRF:68
BRH:0
end_of_record
TN:
SF:src\lib\pagination.ts
FN:34,parsePagination
FN:53,buildPaginationMeta
FNF:2
FNH:0
FNDA:0,parsePagination
FNDA:0,buildPaginationMeta
DA:26,0
DA:27,0
DA:28,0
DA:38,0
DA:39,0
DA:41,0
DA:42,0
DA:44,0
DA:45,0
DA:47,0
DA:54,0
DA:55,0
LF:12
LH:0
BRDA:38,0,0,0
BRDA:38,0,1,0
BRDA:39,1,0,0
BRDA:39,1,1,0
BRDA:41,2,0,0
BRDA:41,2,1,0
BRDA:42,3,0,0
BRDA:42,3,1,0
BRDA:44,4,0,0
BRDA:44,4,1,0
BRDA:45,5,0,0
BRDA:45,5,1,0
BRF:12
BRH:0
end_of_record
TN:
SF:src\lib\password.ts
FN:24,hashPassword
FN:38,verifyPassword
FN:72,verifyPbkdf2
FN:107,fromBase64
FNF:4
FNH:0
FNDA:0,hashPassword
FNDA:0,verifyPassword
FNDA:0,verifyPbkdf2
FNDA:0,fromBase64
DA:13,0
DA:25,0
DA:26,0
DA:28,0
DA:42,0
DA:43,0
DA:47,0
DA:48,0
DA:49,0
DA:50,0
DA:55,0
DA:60,0
DA:61,0
DA:62,0
DA:65,0
DA:73,0
DA:75,0
DA:76,0
DA:78,0
DA:79,0
DA:80,0
DA:82,0
DA:83,0
DA:91,0
DA:98,0
DA:99,0
DA:100,0
DA:101,0
DA:102,0
DA:104,0
DA:108,0
DA:109,0
DA:110,0
DA:111,0
LF:34
LH:0
BRDA:25,0,0,0
BRDA:25,0,1,0
BRDA:25,1,0,0
BRDA:25,1,1,0
BRDA:42,2,0,0
BRDA:42,2,1,0
BRDA:42,3,0,0
BRDA:42,3,1,0
BRDA:47,4,0,0
BRDA:47,4,1,0
BRDA:52,5,0,0
BRDA:52,5,1,0
BRDA:60,6,0,0
BRDA:60,6,1,0
BRDA:76,7,0,0
BRDA:76,7,1,0
BRDA:99,8,0,0
BRDA:99,8,1,0
BRF:18
BRH:0
end_of_record
TN:
SF:src\lib\permissions.ts
FN:227,hasPermission
FN:253,getPermissionsForRole
FN:258,(anonymous_2)
FNF:3
FNH:0
FNDA:0,hasPermission
FNDA:0,getPermissionsForRole
FNDA:0,(anonymous_2)
DA:6,0
DA:31,0
DA:94,0
DA:223,0
DA:231,0
DA:232,0
DA:233,0
DA:235,0
DA:237,0
DA:238,0
DA:239,0
DA:242,0
DA:245,0
DA:246,0
DA:248,0
DA:249,0
DA:250,0
DA:254,0
DA:255,0
DA:256,0
DA:258,0
DA:259,0
LF:22
LH:0
BRDA:231,0,0,0
BRDA:231,0,1,0
BRDA:231,1,0,0
BRDA:231,1,1,0
BRDA:233,2,0,0
BRDA:233,2,1,0
BRDA:233,2,2,0
BRDA:235,3,0,0
BRDA:235,3,1,0
BRDA:237,4,0,0
BRDA:237,4,1,0
BRDA:238,5,0,0
BRDA:238,5,1,0
BRDA:238,6,0,0
BRDA:238,6,1,0
BRDA:238,6,2,0
BRDA:246,7,0,0
BRDA:246,7,1,0
BRDA:249,8,0,0
BRDA:249,8,1,0
BRDA:255,9,0,0
BRDA:255,9,1,0
BRF:22
BRH:0
end_of_record
TN:
SF:src\lib\pii-crypto.ts
FN:9,loadKeyVersions
FN:36,parseKey
FN:49,getLatestKey
FN:56,getKeyByVersion
FN:61,encryptPii
FN:82,decryptPii
FNF:6
FNH:5
FNDA:4,loadKeyVersions
FNDA:0,parseKey
FNDA:2,getLatestKey
FNDA:2,getKeyByVersion
FNDA:2,encryptPii
FNDA:8,decryptPii
DA:3,1
DA:4,1
DA:7,1
DA:10,4
DA:13,1
DA:14,4
DA:15,1
DA:16,0
DA:19,1
DA:20,1
DA:23,0
DA:24,0
DA:27,0
DA:28,0
DA:29,0
DA:30,0
DA:31,0
DA:37,0
DA:38,0
DA:43,0
DA:44,0
DA:46,0
DA:50,2
DA:52,2
DA:53,2
DA:57,2
DA:58,2
DA:62,2
DA:63,2
DA:65,2
DA:66,2
DA:67,2
DA:68,2
DA:70,2
DA:71,2
DA:73,2
DA:76,2
DA:78,0
DA:83,8
DA:84,2
DA:88,2
DA:90,2
DA:95,2
DA:97,2
DA:98,2
DA:99,2
DA:100,2
DA:101,0
DA:103,0
DA:104,0
DA:105,0
DA:108,0
DA:111,2
DA:112,2
DA:113,0
DA:116,2
DA:117,2
DA:118,2
DA:119,2
DA:121,2
DA:122,2
DA:124,2
DA:125,2
DA:127,2
DA:130,0
LF:65
LH:44
BRDA:10,0,0,3
BRDA:10,0,1,1
BRDA:13,1,0,1
BRDA:13,1,1,1
BRDA:14,2,0,1
BRDA:14,2,1,3
BRDA:15,3,0,0
BRDA:15,3,1,1
BRDA:29,4,0,0
BRDA:29,4,1,0
BRDA:37,5,0,0
BRDA:37,5,1,0
BRDA:43,6,0,0
BRDA:43,6,1,0
BRDA:58,7,0,2
BRDA:58,7,1,0
BRDA:62,8,0,0
BRDA:62,8,1,2
BRDA:62,9,0,2
BRDA:62,9,1,2
BRDA:63,10,0,0
BRDA:63,10,1,2
BRDA:83,11,0,6
BRDA:83,11,1,2
BRDA:83,12,0,8
BRDA:83,12,1,2
BRDA:84,13,0,0
BRDA:84,13,1,2
BRDA:95,14,0,2
BRDA:95,14,1,0
BRDA:95,15,0,2
BRDA:95,15,1,2
BRDA:101,16,0,0
BRDA:101,16,1,0
BRDA:112,17,0,0
BRDA:112,17,1,2
BRDA:130,18,0,0
BRDA:130,18,1,0
BRDA:130,19,0,0
BRDA:130,19,1,0
BRF:40
BRH:21
end_of_record
TN:
SF:src\lib\pii-redact.ts
FN:62,redactPii
FN:86,(anonymous_1)
FNF:2
FNH:0
FNDA:0,redactPii
FNDA:0,(anonymous_1)
DA:10,0
DA:48,0
DA:53,0
DA:63,0
DA:64,0
DA:65,0
DA:66,0
DA:67,0
DA:70,0
DA:72,0
DA:74,0
DA:75,0
DA:79,0
DA:80,0
DA:82,0
DA:85,0
DA:86,0
DA:89,0
DA:90,0
DA:91,0
DA:92,0
DA:93,0
DA:94,0
DA:95,0
DA:97,0
DA:100,0
LF:26
LH:0
BRDA:63,0,0,0
BRDA:63,0,1,0
BRDA:63,1,0,0
BRDA:63,1,1,0
BRDA:64,2,0,0
BRDA:64,2,1,0
BRDA:65,3,0,0
BRDA:65,3,1,0
BRDA:67,4,0,0
BRDA:67,4,1,0
BRDA:72,5,0,0
BRDA:72,5,1,0
BRDA:74,6,0,0
BRDA:74,6,1,0
BRDA:79,7,0,0
BRDA:79,7,1,0
BRDA:79,8,0,0
BRDA:79,8,1,0
BRDA:85,9,0,0
BRDA:85,9,1,0
BRDA:92,10,0,0
BRDA:92,10,1,0
BRDA:92,11,0,0
BRDA:92,11,1,0
BRDA:93,12,0,0
BRDA:93,12,1,0
BRDA:93,13,0,0
BRDA:93,13,1,0
BRDA:94,14,0,0
BRDA:94,14,1,0
BRF:30
BRH:0
end_of_record
TN:
SF:src\lib\pii.ts
FN:4,maskPhone
FN:18,maskEmail
FN:30,maskAadhaar
FN:37,maskPan
FNF:4
FNH:0
FNDA:0,maskPhone
FNDA:0,maskEmail
FNDA:0,maskAadhaar
FNDA:0,maskPan
DA:5,0
DA:6,0
DA:7,0
DA:10,0
DA:11,0
DA:12,0
DA:19,0
DA:20,0
DA:21,0
DA:22,0
DA:24,0
DA:31,0
DA:32,0
DA:33,0
DA:34,0
DA:38,0
DA:39,0
DA:40,0
DA:41,0
LF:19
LH:0
BRDA:5,0,0,0
BRDA:5,0,1,0
BRDA:7,1,0,0
BRDA:7,1,1,0
BRDA:11,2,0,0
BRDA:11,2,1,0
BRDA:19,3,0,0
BRDA:19,3,1,0
BRDA:21,4,0,0
BRDA:21,4,1,0
BRDA:22,5,0,0
BRDA:22,5,1,0
BRDA:31,6,0,0
BRDA:31,6,1,0
BRDA:33,7,0,0
BRDA:33,7,1,0
BRDA:38,8,0,0
BRDA:38,8,1,0
BRDA:40,9,0,0
BRDA:40,9,1,0
BRF:20
BRH:0
end_of_record
TN:
SF:src\lib\posthog-client.ts
FN:16,scrubProperties
FN:21,(anonymous_1)
FN:31,capture
FN:45,identify
FN:57,shutdown
FNF:5
FNH:0
FNDA:0,scrubProperties
FNDA:0,(anonymous_1)
FNDA:0,capture
FNDA:0,identify
FNDA:0,shutdown
DA:4,0
DA:6,0
DA:7,0
DA:14,0
DA:17,0
DA:19,0
DA:20,0
DA:21,0
DA:22,0
DA:23,0
DA:24,0
DA:27,0
DA:30,0
DA:32,0
DA:35,0
DA:36,0
DA:38,0
DA:46,0
DA:48,0
DA:49,0
DA:51,0
DA:58,0
DA:59,0
LF:23
LH:0
BRDA:6,0,0,0
BRDA:6,0,1,0
BRDA:8,1,0,0
BRDA:8,1,1,0
BRDA:17,2,0,0
BRDA:17,2,1,0
BRDA:21,3,0,0
BRDA:21,3,1,0
BRDA:23,4,0,0
BRDA:23,4,1,0
BRDA:23,5,0,0
BRDA:23,5,1,0
BRDA:31,6,0,0
BRDA:32,7,0,0
BRDA:32,7,1,0
BRDA:35,8,0,0
BRDA:35,8,1,0
BRDA:46,9,0,0
BRDA:46,9,1,0
BRDA:48,10,0,0
BRDA:48,10,1,0
BRDA:58,11,0,0
BRDA:58,11,1,0
BRF:23
BRH:0
end_of_record
TN:
SF:src\lib\posthog-rate-limiter.ts
FN:33,constructor
FN:44,tryConsume
FN:57,getCount
FN:65,reset
FN:70,maybeReset
FN:78,getCurrentMonth
FN:87,getPostHogRateLimiter
FNF:7
FNH:0
FNDA:0,constructor
FNDA:0,tryConsume
FNDA:0,getCount
FNDA:0,reset
FNDA:0,maybeReset
FNDA:0,getCurrentMonth
FNDA:0,getPostHogRateLimiter
DA:30,0
DA:34,0
DA:36,0
DA:45,0
DA:46,0
DA:47,0
DA:49,0
DA:50,0
DA:58,0
DA:59,0
DA:66,0
DA:67,0
DA:71,0
DA:72,0
DA:73,0
DA:74,0
DA:79,0
DA:80,0
DA:85,0
DA:88,0
DA:89,0
DA:93,0
LF:22
LH:0
BRDA:34,0,0,0
BRDA:46,1,0,0
BRDA:46,1,1,0
BRDA:72,2,0,0
BRDA:72,2,1,0
BRDA:88,3,0,0
BRDA:88,3,1,0
BRDA:90,4,0,0
BRDA:90,4,1,0
BRF:9
BRH:0
end_of_record
TN:
SF:src\lib\rate-limit-middleware.ts
FN:22,checkAndGetRateLimit
FN:60,attachRateLimitHeaders
FN:70,(anonymous_2)
FN:73,rateLimitIdentifierFromRequest
FN:79,(anonymous_4)
FNF:5
FNH:0
FNDA:0,checkAndGetRateLimit
FNDA:0,attachRateLimitHeaders
FNDA:0,(anonymous_2)
FNDA:0,rateLimitIdentifierFromRequest
FNDA:0,(anonymous_4)
DA:26,0
DA:28,0
DA:34,0
DA:35,0
DA:36,0
DA:51,0
DA:54,0
DA:64,0
DA:65,0
DA:66,0
DA:69,0
DA:70,0
DA:74,0
DA:75,0
DA:77,0
DA:78,0
DA:79,0
DA:83,0
DA:84,0
DA:85,0
DA:86,0
DA:87,0
DA:90,0
DA:94,0
DA:95,0
LF:25
LH:0
BRDA:24,0,0,0
BRDA:34,1,0,0
BRDA:34,1,1,0
BRDA:70,2,0,0
BRDA:70,2,1,0
BRDA:75,3,0,0
BRDA:75,3,1,0
BRDA:78,4,0,0
BRDA:78,4,1,0
BRDA:85,5,0,0
BRDA:85,5,1,0
BRDA:90,6,0,0
BRDA:90,6,1,0
BRDA:95,7,0,0
BRDA:95,7,1,0
BRF:15
BRH:0
end_of_record
TN:
SF:src\lib\rate-limit.ts
FN:24,shouldUseDatabaseLimiter
FN:32,(anonymous_1)
FN:43,checkRateLimit
FN:52,(anonymous_3)
FN:118,clearRateLimitStore
FN:120,(anonymous_5)
FNF:6
FNH:0
FNDA:0,shouldUseDatabaseLimiter
FNDA:0,(anonymous_1)
FNDA:0,checkRateLimit
FNDA:0,(anonymous_3)
FNDA:0,clearRateLimitStore
FNDA:0,(anonymous_5)
DA:22,0
DA:25,0
DA:30,0
DA:31,0
DA:32,0
DA:34,0
DA:35,0
DA:36,0
DA:47,0
DA:48,0
DA:49,0
DA:50,0
DA:54,0
DA:57,0
DA:77,0
DA:78,0
DA:79,0
DA:87,0
DA:90,0
DA:93,0
DA:95,0
DA:96,0
DA:99,0
DA:100,0
DA:104,0
DA:105,0
DA:106,0
DA:107,0
DA:108,0
DA:109,0
DA:110,0
DA:112,0
DA:113,0
DA:114,0
DA:115,0
DA:119,0
DA:120,0
DA:123,0
DA:129,0
DA:134,0
LF:40
LH:0
BRDA:25,0,0,0
BRDA:25,0,1,0
BRDA:30,1,0,0
BRDA:30,1,1,0
BRDA:30,2,0,0
BRDA:30,2,1,0
BRDA:36,3,0,0
BRDA:36,3,1,0
BRDA:45,4,0,0
BRDA:48,5,0,0
BRDA:48,5,1,0
BRDA:77,6,0,0
BRDA:77,6,1,0
BRDA:77,7,0,0
BRDA:77,7,1,0
BRDA:87,8,0,0
BRDA:87,8,1,0
BRDA:93,9,0,0
BRDA:93,9,1,0
BRDA:105,10,0,0
BRDA:105,10,1,0
BRDA:105,11,0,0
BRDA:105,11,1,0
BRDA:107,12,0,0
BRDA:107,12,1,0
BRDA:112,13,0,0
BRDA:112,13,1,0
BRDA:120,14,0,0
BRDA:120,14,1,0
BRDA:125,15,0,0
BRDA:125,15,1,0
BRF:31
BRH:0
end_of_record
TN:
SF:src\lib\rbac.ts
FN:9,requireAdmin
FN:13,requirePermission
FN:23,adminUnauthorized
FN:27,adminForbidden
FN:31,parsePaginationParams
FNF:5
FNH:0
FNDA:0,requireAdmin
FNDA:0,requirePermission
FNDA:0,adminUnauthorized
FNDA:0,adminForbidden
FNDA:0,parsePaginationParams
DA:10,0
DA:14,0
DA:15,0
DA:17,0
DA:18,0
DA:20,0
DA:24,0
DA:28,0
DA:32,0
DA:33,0
DA:34,0
DA:35,0
LF:12
LH:0
BRDA:15,0,0,0
BRDA:15,0,1,0
BRDA:17,1,0,0
BRDA:17,1,1,0
BRDA:17,2,0,0
BRDA:17,2,1,0
BRDA:32,3,0,0
BRDA:32,3,1,0
BRDA:33,4,0,0
BRDA:33,4,1,0
BRF:10
BRH:0
end_of_record
TN:
SF:src\lib\rider-auth.ts
FN:8,requireRiderSession
FNF:1
FNH:0
FNDA:0,requireRiderSession
DA:11,0
DA:12,0
DA:13,0
DA:16,0
DA:18,0
DA:22,0
DA:23,0
DA:25,0
DA:26,0
DA:27,0
DA:28,0
DA:31,0
DA:32,0
DA:35,0
DA:36,0
DA:41,0
DA:42,0
DA:45,0
DA:53,0
DA:57,0
LF:20
LH:0
BRDA:12,0,0,0
BRDA:12,0,1,0
BRDA:13,1,0,0
BRDA:13,1,1,0
BRDA:23,2,0,0
BRDA:23,2,1,0
BRDA:25,3,0,0
BRDA:25,3,1,0
BRDA:26,4,0,0
BRDA:26,4,1,0
BRDA:27,5,0,0
BRDA:27,5,1,0
BRDA:31,6,0,0
BRDA:31,6,1,0
BRDA:35,7,0,0
BRDA:35,7,1,0
BRDA:41,8,0,0
BRDA:41,8,1,0
BRF:18
BRH:0
end_of_record
TN:
SF:src\lib\role-config.ts
FN:84,getVisibleNavItems
FN:86,(anonymous_1)
FNF:2
FNH:0
FNDA:0,getVisibleNavItems
FNDA:0,(anonymous_1)
DA:10,0
DA:85,0
DA:86,0
DA:89,0
DA:101,0
LF:5
LH:0
BRDA:85,0,0,0
BRDA:85,0,1,0
BRF:2
BRH:0
end_of_record
TN:
SF:src\lib\route-timing.ts
FN:23,withTiming
FN:24,(anonymous_1)
FNF:2
FNH:0
FNDA:0,withTiming
FNDA:0,(anonymous_1)
DA:24,0
DA:25,0
DA:26,0
DA:30,0
DA:37,0
DA:38,0
DA:41,0
DA:42,0
DA:48,0
DA:51,0
DA:64,0
DA:67,0
DA:70,0
DA:75,0
DA:78,0
DA:79,0
DA:80,0
DA:83,0
LF:18
LH:0
BRDA:44,0,0,0
BRDA:44,0,1,0
BRDA:44,1,0,0
BRDA:44,1,1,0
BRDA:67,2,0,0
BRDA:67,2,1,0
BRDA:78,3,0,0
BRDA:78,3,1,0
BRDA:78,4,0,0
BRDA:78,4,1,0
BRF:10
BRH:0
end_of_record
TN:
SF:src\lib\sanitize.ts
FN:12,sanitizeHtml
FN:16,sanitizeText
FN:20,sanitizeForAttribute
FNF:3
FNH:0
FNDA:0,sanitizeHtml
FNDA:0,sanitizeText
FNDA:0,sanitizeForAttribute
DA:3,0
DA:5,0
DA:13,0
DA:17,0
DA:21,0
LF:5
LH:0
BRF:0
BRH:0
end_of_record
TN:
SF:src\lib\score-calculator.ts
FN:3,calculateRiderScore
FN:55,calculatePaymentScore
FN:67,(anonymous_2)
FN:68,(anonymous_3)
FN:79,calculateKycScore
FN:97,calculateActivityScore
FN:109,(anonymous_6)
FN:136,calculateSupportScore
FN:138,(anonymous_8)
FNF:9
FNH:0
FNDA:0,calculateRiderScore
FNDA:0,calculatePaymentScore
FNDA:0,(anonymous_2)
FNDA:0,(anonymous_3)
FNDA:0,calculateKycScore
FNDA:0,calculateActivityScore
FNDA:0,(anonymous_6)
FNDA:0,calculateSupportScore
FNDA:0,(anonymous_8)
DA:4,0
DA:15,0
DA:17,0
DA:18,0
DA:19,0
DA:20,0
DA:23,0
DA:25,0
DA:26,0
DA:27,0
DA:28,0
DA:30,0
DA:52,0
DA:56,0
DA:58,0
DA:59,0
DA:61,0
DA:62,0
DA:63,0
DA:65,0
DA:67,0
DA:68,0
DA:69,0
DA:71,0
DA:72,0
DA:73,0
DA:76,0
DA:80,0
DA:82,0
DA:83,0
DA:85,0
DA:86,0
DA:87,0
DA:88,0
DA:90,0
DA:91,0
DA:92,0
DA:94,0
DA:98,0
DA:100,0
DA:101,0
DA:103,0
DA:104,0
DA:105,0
DA:106,0
DA:107,0
DA:109,0
DA:110,0
DA:112,0
DA:129,0
DA:130,0
DA:131,0
DA:133,0
DA:137,0
DA:138,0
DA:140,0
DA:142,0
DA:143,0
DA:145,0
LF:59
LH:0
BRDA:15,0,0,0
BRDA:15,0,1,0
BRDA:26,1,0,0
BRDA:26,1,1,0
BRDA:27,2,0,0
BRDA:27,2,1,0
BRDA:28,3,0,0
BRDA:28,3,1,0
BRDA:56,4,0,0
BRDA:56,4,1,0
BRDA:58,5,0,0
BRDA:58,5,1,0
BRDA:59,6,0,0
BRDA:59,6,1,0
BRDA:62,7,0,0
BRDA:62,7,1,0
BRDA:63,8,0,0
BRDA:63,8,1,0
BRDA:67,9,0,0
BRDA:67,9,1,0
BRDA:68,10,0,0
BRDA:68,10,1,0
BRDA:71,11,0,0
BRDA:71,11,1,0
BRDA:80,12,0,0
BRDA:80,12,1,0
BRDA:85,13,0,0
BRDA:85,13,1,0
BRDA:86,14,0,0
BRDA:86,14,1,0
BRDA:87,15,0,0
BRDA:87,15,1,0
BRDA:88,16,0,0
BRDA:88,16,1,0
BRDA:90,17,0,0
BRDA:90,17,1,0
BRDA:90,18,0,0
BRDA:90,18,1,0
BRDA:91,19,0,0
BRDA:91,19,1,0
BRDA:92,20,0,0
BRDA:92,20,1,0
BRDA:103,21,0,0
BRDA:103,21,1,0
BRDA:104,22,0,0
BRDA:104,22,1,0
BRDA:105,23,0,0
BRDA:105,23,1,0
BRDA:106,24,0,0
BRDA:106,24,1,0
BRDA:109,25,0,0
BRDA:109,25,1,0
BRDA:110,26,0,0
BRDA:110,26,1,0
BRDA:129,27,0,0
BRDA:129,27,1,0
BRDA:130,28,0,0
BRDA:130,28,1,0
BRDA:131,29,0,0
BRDA:131,29,1,0
BRDA:137,30,0,0
BRDA:137,30,1,0
BRDA:138,31,0,0
BRDA:138,31,1,0
BRF:64
BRH:0
end_of_record
TN:
SF:src\lib\security-events.ts
FN:39,logSecurityEvent
FN:97,logAdminLogin
FN:123,logPermissionDenied
FN:145,logKycDocumentView
FN:165,logFailedOtpAttempt
FN:189,logWalletChange
FN:215,logAccountSuspension
FN:235,logReconciliationMismatch
FNF:8
FNH:0
FNDA:0,logSecurityEvent
FNDA:0,logAdminLogin
FNDA:0,logPermissionDenied
FNDA:0,logKycDocumentView
FNDA:0,logFailedOtpAttempt
FNDA:0,logWalletChange
FNDA:0,logAccountSuspension
FNDA:0,logReconciliationMismatch
DA:33,0
DA:40,0
DA:42,0
DA:49,0
DA:50,0
DA:51,0
DA:54,0
DA:56,0
DA:58,0
DA:59,0
DA:61,0
DA:62,0
DA:64,0
DA:68,0
DA:69,0
DA:70,0
DA:85,0
DA:105,0
DA:129,0
DA:150,0
DA:172,0
DA:174,0
DA:196,0
DA:198,0
DA:220,0
DA:241,0
DA:242,0
DA:244,0
LF:28
LH:0
BRDA:45,0,0,0
BRDA:45,0,1,0
BRDA:49,1,0,0
BRDA:49,1,1,0
BRDA:50,2,0,0
BRDA:50,2,1,0
BRDA:51,3,0,0
BRDA:51,3,1,0
BRDA:56,4,0,0
BRDA:56,4,1,0
BRDA:56,4,2,0
BRDA:68,5,0,0
BRDA:68,5,1,0
BRDA:68,6,0,0
BRDA:68,6,1,0
BRDA:71,7,0,0
BRDA:71,7,1,0
BRDA:72,8,0,0
BRDA:72,8,1,0
BRDA:107,9,0,0
BRDA:107,9,1,0
BRDA:172,10,0,0
BRDA:172,10,1,0
BRDA:200,11,0,0
BRDA:200,11,1,0
BRDA:202,12,0,0
BRDA:202,12,1,0
BRDA:242,13,0,0
BRDA:242,13,1,0
BRF:29
BRH:0
end_of_record
TN:
SF:src\lib\shell.ts
FN:27,createArchive
FN:51,extractArchive
FN:77,dumpDatabase
FN:92,restoreDatabase
FN:104,getFreeDiskBytes
FN:143,getDiskUsage
FN:193,runMigrations
FNF:7
FNH:0
FNDA:0,createArchive
FNDA:0,extractArchive
FNDA:0,dumpDatabase
FNDA:0,restoreDatabase
FNDA:0,getFreeDiskBytes
FNDA:0,getDiskUsage
FNDA:0,runMigrations
DA:18,0
DA:28,0
DA:29,0
DA:38,0
DA:41,0
DA:52,0
DA:53,0
DA:62,0
DA:65,0
DA:78,0
DA:79,0
DA:80,0
DA:82,0
DA:93,0
DA:94,0
DA:96,0
DA:105,0
DA:107,0
DA:108,0
DA:109,0
DA:111,0
DA:117,0
DA:121,0
DA:122,0
DA:124,0
DA:128,0
DA:129,0
DA:130,0
DA:131,0
DA:133,0
DA:136,0
DA:144,0
DA:146,0
DA:147,0
DA:148,0
DA:149,0
DA:155,0
DA:159,0
DA:160,0
DA:161,0
DA:162,0
DA:167,0
DA:171,0
DA:172,0
DA:173,0
DA:174,0
DA:175,0
DA:176,0
DA:181,0
DA:184,0
DA:194,0
DA:196,0
DA:202,0
LF:53
LH:0
BRDA:28,0,0,0
BRDA:28,0,1,0
BRDA:52,1,0,0
BRDA:52,1,1,0
BRDA:78,2,0,0
BRDA:78,2,1,0
BRDA:93,3,0,0
BRDA:93,3,1,0
BRDA:105,4,0,0
BRDA:105,4,1,0
BRDA:108,5,0,0
BRDA:108,5,1,0
BRDA:109,6,0,0
BRDA:109,6,1,0
BRDA:122,7,0,0
BRDA:122,7,1,0
BRDA:129,8,0,0
BRDA:129,8,1,0
BRDA:131,9,0,0
BRDA:131,9,1,0
BRDA:144,10,0,0
BRDA:144,10,1,0
BRDA:147,11,0,0
BRDA:147,11,1,0
BRDA:148,12,0,0
BRDA:148,12,1,0
BRDA:160,13,0,0
BRDA:160,13,1,0
BRDA:161,14,0,0
BRDA:161,14,1,0
BRDA:163,15,0,0
BRDA:163,15,1,0
BRDA:164,16,0,0
BRDA:164,16,1,0
BRDA:172,17,0,0
BRDA:172,17,1,0
BRDA:177,18,0,0
BRDA:177,18,1,0
BRDA:178,19,0,0
BRDA:178,19,1,0
BRDA:194,20,0,0
BRDA:194,20,1,0
BRF:42
BRH:0
end_of_record
TN:
SF:src\lib\sign-rider.ts
FN:30,signRiderUrls
FN:42,signRiderUrlsWithProvider
FN:48,(anonymous_2)
FN:75,(anonymous_3)
FNF:4
FNH:3
FNDA:1,signRiderUrls
FNDA:1,signRiderUrlsWithProvider
FNDA:23,(anonymous_2)
FNDA:0,(anonymous_3)
DA:4,1
DA:31,1
DA:33,1
DA:34,1
DA:35,1
DA:37,0
DA:38,0
DA:43,1
DA:45,1
DA:46,1
DA:48,1
DA:49,23
DA:50,23
DA:54,0
DA:55,0
DA:56,0
DA:59,0
DA:60,0
DA:61,0
DA:62,0
DA:65,0
DA:70,1
DA:73,1
DA:74,0
DA:76,0
DA:77,0
DA:81,0
DA:82,0
DA:84,0
DA:91,1
LF:30
LH:14
BRDA:31,0,0,0
BRDA:31,0,1,1
BRDA:43,1,0,0
BRDA:43,1,1,1
BRDA:43,2,0,1
BRDA:43,2,1,1
BRDA:50,3,0,0
BRDA:50,3,1,23
BRDA:51,4,0,23
BRDA:51,4,1,0
BRDA:54,5,0,0
BRDA:54,5,1,0
BRDA:73,6,0,0
BRDA:73,6,1,1
BRDA:77,7,0,0
BRDA:77,7,1,0
BRDA:78,8,0,0
BRDA:78,8,1,0
BRF:18
BRH:7
end_of_record
TN:
SF:src\lib\sms-provider.ts
FN:5,sendSms
FN:19,(anonymous_1)
FNF:2
FNH:0
FNDA:0,sendSms
FNDA:0,(anonymous_1)
DA:3,0
DA:6,0
DA:8,0
DA:9,0
DA:10,0
DA:12,0
DA:13,0
DA:14,0
DA:17,0
DA:18,0
DA:19,0
DA:21,0
DA:35,0
DA:37,0
DA:38,0
DA:40,0
DA:41,0
DA:43,0
DA:44,0
DA:48,0
DA:49,0
DA:52,0
DA:53,0
LF:23
LH:0
BRDA:6,0,0,0
BRDA:6,0,1,0
BRDA:8,1,0,0
BRDA:8,1,1,0
BRDA:12,2,0,0
BRDA:12,2,1,0
BRDA:12,3,0,0
BRDA:12,3,1,0
BRDA:38,4,0,0
BRDA:38,4,1,0
BRDA:43,5,0,0
BRDA:43,5,1,0
BRDA:48,6,0,0
BRDA:48,6,1,0
BRF:14
BRH:0
end_of_record
TN:
SF:src\lib\storage-path-builder.ts
FN:24,defaultUploadsRoot
FN:28,defaultBackupRoot
FN:37,getUploadsRoot
FN:60,getUploadsRootSync
FN:68,getBackupRoot
FN:87,getBackupRootSync
FN:94,getSecondaryRoot
FN:113,generateStorageKey
FN:128,resolveFullPath
FN:136,resolveAbsolute
FN:148,invalidateCache
FNF:11
FNH:0
FNDA:0,defaultUploadsRoot
FNDA:0,defaultBackupRoot
FNDA:0,getUploadsRoot
FNDA:0,getUploadsRootSync
FNDA:0,getBackupRoot
FNDA:0,getBackupRootSync
FNDA:0,getSecondaryRoot
FNDA:0,generateStorageKey
FNDA:0,resolveFullPath
FNDA:0,resolveAbsolute
FNDA:0,invalidateCache
DA:21,0
DA:22,0
DA:25,0
DA:29,0
DA:32,0
DA:38,0
DA:39,0
DA:40,0
DA:41,0
DA:44,0
DA:45,0
DA:46,0
DA:51,0
DA:52,0
DA:53,0
DA:61,0
DA:69,0
DA:70,0
DA:71,0
DA:72,0
DA:75,0
DA:76,0
DA:77,0
DA:82,0
DA:83,0
DA:84,0
DA:88,0
DA:95,0
DA:96,0
DA:97,0
DA:100,0
DA:104,0
DA:119,0
DA:120,0
DA:121,0
DA:129,0
DA:130,0
DA:137,0
DA:138,0
DA:139,0
DA:140,0
DA:142,0
DA:149,0
DA:150,0
DA:151,0
LF:45
LH:0
BRDA:38,0,0,0
BRDA:38,0,1,0
BRDA:44,1,0,0
BRDA:44,1,1,0
BRDA:51,2,0,0
BRDA:51,2,1,0
BRDA:61,3,0,0
BRDA:61,3,1,0
BRDA:69,4,0,0
BRDA:69,4,1,0
BRDA:75,5,0,0
BRDA:75,5,1,0
BRDA:82,6,0,0
BRDA:82,6,1,0
BRDA:88,7,0,0
BRDA:88,7,1,0
BRDA:100,8,0,0
BRDA:100,8,1,0
BRDA:104,9,0,0
BRDA:104,9,1,0
BRDA:119,10,0,0
BRDA:119,10,1,0
BRDA:139,11,0,0
BRDA:139,11,1,0
BRDA:139,12,0,0
BRDA:139,12,1,0
BRF:26
BRH:0
end_of_record
TN:
SF:src\lib\storage.ts
FN:12,getBaseDir
FN:21,upload
FN:32,delete
FN:40,getSignedReadUrl
FN:47,getSignedUploadUrl
FN:53,verifyUpload
FN:67,getStorageProvider
FNF:7
FNH:1
FNDA:0,getBaseDir
FNDA:0,upload
FNDA:0,delete
FNDA:0,getSignedReadUrl
FNDA:0,getSignedUploadUrl
FNDA:0,verifyUpload
FNDA:1,getStorageProvider
DA:13,0
DA:14,0
DA:15,0
DA:16,0
DA:18,0
DA:22,0
DA:23,0
DA:24,0
DA:25,0
DA:27,0
DA:28,0
DA:29,0
DA:33,0
DA:34,0
DA:35,0
DA:36,0
DA:41,0
DA:42,0
DA:44,0
DA:48,0
DA:54,0
DA:55,0
DA:56,0
DA:57,0
DA:58,0
DA:60,0
DA:65,1
DA:68,1
DA:69,1
DA:70,1
LF:30
LH:4
BRDA:16,0,0,0
BRDA:16,0,1,0
BRDA:18,1,0,0
BRDA:18,1,1,0
BRDA:41,2,0,0
BRDA:41,2,1,0
BRDA:41,3,0,0
BRDA:41,3,1,0
BRDA:68,4,0,0
BRDA:68,4,1,1
BRF:10
BRH:1
end_of_record
TN:
SF:src\lib\upload.ts
FN:32,mapTypeToCategory
FN:36,uploadFile
FN:52,(anonymous_2)
FNF:3
FNH:0
FNDA:0,mapTypeToCategory
FNDA:0,uploadFile
FNDA:0,(anonymous_2)
DA:13,0
DA:33,0
DA:37,0
DA:40,0
DA:51,0
DA:52,0
DA:53,0
DA:61,0
DA:63,0
DA:64,0
DA:65,0
DA:69,0
DA:70,0
DA:78,0
DA:79,0
DA:83,0
DA:92,0
DA:93,0
DA:97,0
LF:19
LH:0
BRDA:33,0,0,0
BRDA:33,0,1,0
BRDA:45,1,0,0
BRDA:45,1,1,0
BRDA:51,2,0,0
BRDA:51,2,1,0
BRDA:54,3,0,0
BRDA:54,3,1,0
BRDA:64,4,0,0
BRDA:64,4,1,0
BRDA:64,5,0,0
BRDA:64,5,1,0
BRDA:73,6,0,0
BRDA:73,6,1,0
BRDA:78,7,0,0
BRDA:78,7,1,0
BRDA:92,8,0,0
BRDA:92,8,1,0
BRF:18
BRH:0
end_of_record
TN:
SF:src\lib\utils.ts
FN:8,cn
FN:16,cnd
FN:23,generateRandomPassword
FNF:3
FNH:0
FNDA:0,cn
FNDA:0,cnd
FNDA:0,generateRandomPassword
DA:9,0
DA:17,0
DA:24,0
DA:25,0
DA:26,0
DA:27,0
DA:29,0
LF:7
LH:0
BRDA:23,0,0,0
BRF:1
BRH:0
end_of_record
TN:
SF:src\lib\validators.ts
FN:17,(anonymous_0)
FN:331,(anonymous_1)
FN:338,(anonymous_2)
FN:341,(anonymous_3)
FN:531,validateBody
FNF:5
FNH:0
FNDA:0,(anonymous_0)
FNDA:0,(anonymous_1)
FNDA:0,(anonymous_2)
FNDA:0,(anonymous_3)
FNDA:0,validateBody
DA:3,0
DA:7,0
DA:17,0
DA:23,0
DA:79,0
DA:96,0
DA:115,0
DA:126,0
DA:136,0
DA:163,0
DA:175,0
DA:179,0
DA:184,0
DA:204,0
DA:226,0
DA:235,0
DA:246,0
DA:258,0
DA:272,0
DA:281,0
DA:289,0
DA:297,0
DA:303,0
DA:309,0
DA:319,0
DA:329,0
DA:333,0
DA:334,0
DA:340,0
DA:341,0
DA:347,0
DA:356,0
DA:361,0
DA:376,0
DA:382,0
DA:408,0
DA:413,0
DA:419,0
DA:425,0
DA:431,0
DA:437,0
DA:442,0
DA:448,0
DA:455,0
DA:462,0
DA:472,0
DA:487,0
DA:497,0
DA:508,0
DA:513,0
DA:518,0
DA:525,0
DA:532,0
DA:533,0
DA:534,0
DA:535,0
DA:536,0
DA:537,0
DA:540,0
DA:546,0
LF:60
LH:0
BRDA:17,0,0,0
BRDA:17,0,1,0
BRDA:17,0,2,0
BRDA:533,1,0,0
BRDA:533,1,1,0
BRDA:537,2,0,0
BRDA:537,2,1,0
BRDA:539,3,0,0
BRDA:539,3,1,0
BRF:9
BRH:0
end_of_record
TN:
SF:src\lib\services\dashboard.ts
FN:5,(anonymous_0)
FN:59,(anonymous_1)
FN:93,(anonymous_2)
FNF:3
FNH:0
FNDA:0,(anonymous_0)
FNDA:0,(anonymous_1)
FNDA:0,(anonymous_2)
DA:5,0
DA:21,0
DA:38,0
DA:39,0
DA:41,0
DA:59,0
DA:60,0
DA:61,0
DA:62,0
DA:64,0
DA:65,0
DA:66,0
DA:67,0
DA:68,0
DA:69,0
DA:73,0
DA:84,0
DA:85,0
DA:86,0
DA:87,0
DA:88,0
DA:89,0
DA:93,0
LF:23
LH:0
BRDA:38,0,0,0
BRDA:38,0,1,0
BRDA:39,1,0,0
BRDA:39,1,1,0
BRDA:59,2,0,0
BRDA:87,3,0,0
BRDA:87,3,1,0
BRF:7
BRH:0
end_of_record
TN:
SF:src\lib\services\deposit-service.ts
FN:49,upsertDepositRecord
FN:86,approveDeposit
FN:93,(anonymous_2)
FN:151,(anonymous_3)
FN:159,(anonymous_4)
FN:170,rejectDeposit
FN:177,(anonymous_6)
FN:208,(anonymous_7)
FN:220,refundDeposit
FN:228,(anonymous_9)
FN:273,(anonymous_10)
FN:284,forfeitDeposit
FN:291,(anonymous_12)
FN:323,(anonymous_13)
FN:333,_notifyDepositApproved
FN:347,_getAndValidate
FN:363,_requireWallet
FN:379,constructor
FNF:18
FNH:11
FNDA:0,upsertDepositRecord
FNDA:1,approveDeposit
FNDA:1,(anonymous_2)
FNDA:0,(anonymous_3)
FNDA:0,(anonymous_4)
FNDA:1,rejectDeposit
FNDA:1,(anonymous_6)
FNDA:0,(anonymous_7)
FNDA:1,refundDeposit
FNDA:1,(anonymous_9)
FNDA:0,(anonymous_10)
FNDA:1,forfeitDeposit
FNDA:1,(anonymous_12)
FNDA:0,(anonymous_13)
FNDA:1,_notifyDepositApproved
FNDA:4,_getAndValidate
FNDA:3,_requireWallet
FNDA:0,constructor
DA:33,1
DA:54,0
DA:56,0
DA:91,1
DA:93,1
DA:94,1
DA:95,1
DA:98,1
DA:108,1
DA:109,0
DA:121,1
DA:127,1
DA:137,1
DA:138,0
DA:151,1
DA:153,1
DA:161,1
DA:175,1
DA:177,1
DA:178,1
DA:180,1
DA:190,1
DA:191,0
DA:202,1
DA:210,1
DA:226,1
DA:228,1
DA:229,1
DA:230,1
DA:232,1
DA:235,1
DA:247,1
DA:256,1
DA:267,1
DA:275,1
DA:289,1
DA:291,1
DA:292,1
DA:293,1
DA:295,1
DA:306,1
DA:317,1
DA:325,1
DA:334,1
DA:335,1
DA:339,1
DA:340,0
DA:343,0
DA:348,4
DA:349,4
DA:350,0
DA:353,4
DA:354,4
DA:355,0
DA:360,4
DA:364,3
DA:368,3
DA:369,0
DA:371,3
DA:380,0
DA:381,0
LF:61
LH:49
BRDA:102,0,0,1
BRDA:102,0,1,1
BRDA:108,1,0,0
BRDA:108,1,1,1
BRDA:108,2,0,1
BRDA:108,2,1,0
BRDA:114,3,0,0
BRDA:114,3,1,0
BRDA:137,4,0,0
BRDA:137,4,1,1
BRDA:190,5,0,0
BRDA:190,5,1,1
BRDA:232,6,0,1
BRDA:232,6,1,1
BRDA:241,7,0,1
BRDA:241,7,1,1
BRDA:243,8,0,1
BRDA:243,8,1,1
BRDA:253,9,0,1
BRDA:253,9,1,1
BRDA:301,10,0,1
BRDA:301,10,1,1
BRDA:339,11,0,0
BRDA:339,11,1,1
BRDA:349,12,0,0
BRDA:349,12,1,4
BRDA:353,13,0,4
BRDA:353,13,1,0
BRDA:354,14,0,0
BRDA:354,14,1,4
BRDA:356,15,0,0
BRDA:356,15,1,0
BRDA:368,16,0,0
BRDA:368,16,1,3
BRF:34
BRH:21
end_of_record
TN:
SF:src\lib\services\wallet-service.ts
FN:55,creditWallet
FN:121,debitWallet
FN:210,creditSecurityDeposit
FN:256,debitSecurityDeposit
FN:305,reverseWalletEntry
FN:374,verifyLedgerIntegrity
FN:397,(anonymous_6)
FN:420,backfillOpeningBalance
FN:456,constructor
FNF:9
FNH:8
FNDA:31,creditWallet
FNDA:27,debitWallet
FNDA:2,creditSecurityDeposit
FNDA:2,debitSecurityDeposit
FNDA:0,reverseWalletEntry
FNDA:3,verifyLedgerIntegrity
FNDA:3,(anonymous_6)
FNDA:1,backfillOpeningBalance
FNDA:42,constructor
DA:60,31
DA:62,31
DA:63,20
DA:67,11
DA:68,0
DA:71,0
DA:72,0
DA:73,0
DA:78,11
DA:87,11
DA:90,11
DA:106,11
DA:113,11
DA:135,27
DA:137,27
DA:138,20
DA:142,7
DA:143,0
DA:146,0
DA:147,0
DA:148,0
DA:153,7
DA:157,7
DA:159,7
DA:160,2
DA:167,5
DA:176,5
DA:179,5
DA:195,5
DA:202,5
DA:221,2
DA:223,2
DA:224,0
DA:227,2
DA:236,2
DA:270,2
DA:272,2
DA:273,0
DA:276,2
DA:285,2
DA:318,0
DA:321,0
DA:337,0
DA:339,0
DA:349,0
DA:352,0
DA:361,0
DA:378,3
DA:383,3
DA:384,1
DA:389,2
DA:397,2
DA:398,3
DA:401,2
DA:403,2
DA:421,1
DA:425,1
DA:427,0
DA:428,0
DA:429,0
DA:431,0
DA:444,0
DA:457,42
DA:458,42
DA:459,42
LF:65
LH:43
BRDA:62,0,0,20
BRDA:62,0,1,11
BRDA:62,1,0,31
BRDA:62,1,1,17
BRDA:67,2,0,0
BRDA:67,2,1,11
BRDA:71,3,0,0
BRDA:71,3,1,0
BRDA:94,4,0,11
BRDA:94,4,1,11
BRDA:99,5,0,31
BRDA:99,5,1,11
BRDA:100,6,0,31
BRDA:100,6,1,10
BRDA:101,7,0,31
BRDA:101,7,1,8
BRDA:134,8,0,27
BRDA:137,9,0,20
BRDA:137,9,1,7
BRDA:137,10,0,27
BRDA:137,10,1,12
BRDA:142,11,0,0
BRDA:142,11,1,7
BRDA:146,12,0,0
BRDA:146,12,1,0
BRDA:157,13,0,0
BRDA:157,13,1,7
BRDA:159,14,0,2
BRDA:159,14,1,5
BRDA:159,15,0,7
BRDA:159,15,1,5
BRDA:183,16,0,5
BRDA:183,16,1,5
BRDA:188,17,0,27
BRDA:188,17,1,5
BRDA:189,18,0,27
BRDA:189,18,1,5
BRDA:190,19,0,27
BRDA:190,19,1,5
BRDA:223,20,0,0
BRDA:223,20,1,2
BRDA:223,21,0,2
BRDA:223,21,1,2
BRDA:240,22,0,2
BRDA:240,22,1,2
BRDA:245,23,0,2
BRDA:245,23,1,1
BRDA:246,24,0,2
BRDA:246,24,1,1
BRDA:272,25,0,0
BRDA:272,25,1,2
BRDA:272,26,0,2
BRDA:272,26,1,2
BRDA:289,27,0,2
BRDA:289,27,1,2
BRDA:294,28,0,2
BRDA:294,28,1,0
BRDA:295,29,0,2
BRDA:295,29,1,0
BRDA:324,30,0,0
BRDA:324,30,1,0
BRDA:337,31,0,0
BRDA:337,31,1,0
BRDA:383,32,0,1
BRDA:383,32,1,2
BRDA:398,33,0,2
BRDA:398,33,1,1
BRDA:425,34,0,1
BRDA:425,34,1,0
BRDA:425,35,0,1
BRDA:425,35,1,1
BRDA:429,36,0,0
BRDA:429,36,1,0
BRDA:456,37,0,42
BRF:74
BRH:56
end_of_record
TN:
SF:src\lib\types\enums.ts
FN:1,(anonymous_0)
FN:12,(anonymous_1)
FNF:2
FNH:0
FNDA:0,(anonymous_0)
FNDA:0,(anonymous_1)
DA:1,0
DA:2,0
DA:3,0
DA:4,0
DA:5,0
DA:6,0
DA:7,0
DA:8,0
DA:9,0
DA:12,0
DA:13,0
DA:14,0
DA:15,0
LF:13
LH:0
BRF:0
BRH:0
end_of_record
TN:
SF:src\server\modules\admin\admin.policy.ts
FN:18,constructor
FN:28,constructor_2
FN:38,requireAdminSession
FN:50,requirePermission
FN:78,withPermission
FN:82,(anonymous_5)
FN:101,withAdmin
FN:102,(anonymous_7)
FN:121,logAdminAction
FNF:9
FNH:0
FNDA:0,constructor
FNDA:0,constructor_2
FNDA:0,requireAdminSession
FNDA:0,requirePermission
FNDA:0,withPermission
FNDA:0,(anonymous_5)
FNDA:0,withAdmin
FNDA:0,(anonymous_7)
FNDA:0,logAdminAction
DA:20,0
DA:22,0
DA:23,0
DA:29,0
DA:30,0
DA:39,0
DA:40,0
DA:41,0
DA:43,0
DA:51,0
DA:52,0
DA:53,0
DA:57,0
DA:58,0
DA:62,0
DA:63,0
DA:64,0
DA:67,0
DA:82,0
DA:83,0
DA:84,0
DA:85,0
DA:87,0
DA:88,0
DA:90,0
DA:91,0
DA:93,0
DA:102,0
DA:103,0
DA:104,0
DA:105,0
DA:107,0
DA:108,0
DA:110,0
DA:128,0
LF:35
LH:0
BRDA:20,0,0,0
BRDA:40,1,0,0
BRDA:40,1,1,0
BRDA:52,2,0,0
BRDA:52,2,1,0
BRDA:57,3,0,0
BRDA:57,3,1,0
BRDA:62,4,0,0
BRDA:62,4,1,0
BRDA:63,5,0,0
BRDA:63,5,1,0
BRDA:87,6,0,0
BRDA:87,6,1,0
BRDA:88,7,0,0
BRDA:88,7,1,0
BRDA:90,8,0,0
BRDA:90,8,1,0
BRDA:91,9,0,0
BRDA:91,9,1,0
BRDA:107,10,0,0
BRDA:107,10,1,0
BRDA:108,11,0,0
BRDA:108,11,1,0
BRDA:134,12,0,0
BRDA:134,12,1,0
BRF:25
BRH:0
end_of_record
TN:
SF:src\server\modules\admin\admin.repository.ts
FN:24,findById
FN:28,findByEmail
FN:32,list
FN:53,create
FN:66,update
FN:79,(anonymous_5)
FN:88,delete
FN:92,updateLastLogin
FN:96,incrementTokenVersion
FN:100,bulkActivateTeamLeaders
FN:104,bulkDeactivateTeamLeaders
FN:108,bulkDeleteTeamLeaders
FN:112,getAuditLogs
FNF:13
FNH:0
FNDA:0,findById
FNDA:0,findByEmail
FNDA:0,list
FNDA:0,create
FNDA:0,update
FNDA:0,(anonymous_5)
FNDA:0,delete
FNDA:0,updateLastLogin
FNDA:0,incrementTokenVersion
FNDA:0,bulkActivateTeamLeaders
FNDA:0,bulkDeactivateTeamLeaders
FNDA:0,bulkDeleteTeamLeaders
FNDA:0,getAuditLogs
DA:23,0
DA:25,0
DA:29,0
DA:39,0
DA:40,0
DA:41,0
DA:42,0
DA:43,0
DA:45,0
DA:54,0
DA:55,0
DA:67,0
DA:68,0
DA:69,0
DA:70,0
DA:71,0
DA:72,0
DA:73,0
DA:76,0
DA:78,0
DA:79,0
DA:80,0
DA:81,0
DA:85,0
DA:89,0
DA:93,0
DA:97,0
DA:101,0
DA:105,0
DA:109,0
DA:120,0
DA:121,0
DA:122,0
DA:123,0
DA:124,0
DA:125,0
DA:127,0
DA:137,0
LF:38
LH:0
BRDA:40,0,0,0
BRDA:40,0,1,0
BRDA:41,1,0,0
BRDA:41,1,1,0
BRDA:42,2,0,0
BRDA:42,2,1,0
BRDA:48,3,0,0
BRDA:48,3,1,0
BRDA:48,4,0,0
BRDA:48,4,1,0
BRDA:49,5,0,0
BRDA:49,5,1,0
BRDA:61,6,0,0
BRDA:61,6,1,0
BRDA:68,7,0,0
BRDA:68,7,1,0
BRDA:69,8,0,0
BRDA:69,8,1,0
BRDA:70,9,0,0
BRDA:70,9,1,0
BRDA:71,10,0,0
BRDA:71,10,1,0
BRDA:72,11,0,0
BRDA:72,11,1,0
BRDA:73,12,0,0
BRDA:73,12,1,0
BRDA:76,13,0,0
BRDA:76,13,1,0
BRDA:76,13,2,0
BRDA:78,14,0,0
BRDA:78,14,1,0
BRDA:120,15,0,0
BRDA:120,16,0,0
BRDA:122,17,0,0
BRDA:122,17,1,0
BRDA:123,18,0,0
BRDA:123,18,1,0
BRDA:124,19,0,0
BRDA:124,19,1,0
BRDA:125,20,0,0
BRDA:125,20,1,0
BRF:41
BRH:0
end_of_record
TN:
SF:src\server\modules\admin\admin.routes.ts
FN:14,(anonymous_0)
FN:30,(anonymous_1)
FN:48,(anonymous_2)
FN:78,(anonymous_3)
FN:113,(anonymous_4)
FN:130,(anonymous_5)
FNF:6
FNH:0
FNDA:0,(anonymous_0)
FNDA:0,(anonymous_1)
FNDA:0,(anonymous_2)
FNDA:0,(anonymous_3)
FNDA:0,(anonymous_4)
FNDA:0,(anonymous_5)
DA:12,0
DA:15,0
DA:16,0
DA:17,0
DA:18,0
DA:20,0
DA:26,0
DA:32,0
DA:33,0
DA:35,0
DA:36,0
DA:39,0
DA:40,0
DA:41,0
DA:43,0
DA:50,0
DA:51,0
DA:53,0
DA:56,0
DA:57,0
DA:58,0
DA:63,0
DA:64,0
DA:68,0
DA:70,0
DA:71,0
DA:73,0
DA:79,0
DA:80,0
DA:82,0
DA:83,0
DA:87,0
DA:88,0
DA:90,0
DA:93,0
DA:94,0
DA:95,0
DA:100,0
DA:101,0
DA:106,0
DA:108,0
DA:114,0
DA:115,0
DA:117,0
DA:118,0
DA:121,0
DA:122,0
DA:123,0
DA:125,0
DA:131,0
DA:132,0
DA:134,0
DA:136,0
LF:53
LH:0
BRDA:16,0,0,0
BRDA:16,0,1,0
BRDA:18,1,0,0
BRDA:18,1,1,0
BRDA:22,2,0,0
BRDA:22,2,1,0
BRDA:33,3,0,0
BRDA:33,3,1,0
BRDA:35,4,0,0
BRDA:35,4,1,0
BRDA:35,5,0,0
BRDA:35,5,1,0
BRDA:43,6,0,0
BRDA:43,6,1,0
BRDA:57,7,0,0
BRDA:57,7,1,0
BRDA:66,8,0,0
BRDA:66,8,1,0
BRDA:70,9,0,0
BRDA:70,9,1,0
BRDA:70,10,0,0
BRDA:70,10,1,0
BRDA:71,11,0,0
BRDA:71,11,1,0
BRDA:80,12,0,0
BRDA:80,12,1,0
BRDA:82,13,0,0
BRDA:82,13,1,0
BRDA:82,14,0,0
BRDA:82,14,1,0
BRDA:94,15,0,0
BRDA:94,15,1,0
BRDA:104,16,0,0
BRDA:104,16,1,0
BRDA:108,17,0,0
BRDA:108,17,1,0
BRDA:115,18,0,0
BRDA:115,18,1,0
BRDA:117,19,0,0
BRDA:117,19,1,0
BRDA:117,20,0,0
BRDA:117,20,1,0
BRDA:122,21,0,0
BRDA:122,21,1,0
BRDA:125,22,0,0
BRDA:125,22,1,0
BRF:46
BRH:0
end_of_record
TN:
SF:src\server\modules\admin\admin.schemas.ts
FNF:0
FNH:0
DA:4,0
DA:15,0
DA:26,0
DA:38,0
DA:46,0
DA:58,0
LF:6
LH:0
BRF:0
BRH:0
end_of_record
TN:
SF:src\server\modules\admin\admin.types.ts
FN:12,(anonymous_0)
FNF:1
FNH:0
FNDA:0,(anonymous_0)
DA:12,0
DA:13,0
DA:14,0
DA:15,0
DA:16,0
DA:17,0
DA:18,0
DA:19,0
DA:20,0
DA:21,0
DA:24,0
DA:36,0
DA:76,0
LF:13
LH:0
BRF:0
BRH:0
end_of_record
TN:
SF:src\server\modules\admin\admin.use-cases.ts
FN:13,listAdmins
FN:30,getAdmin
FN:36,createAdmin
FN:55,updateAdmin
FN:68,(anonymous_4)
FN:74,deleteAdmin
FN:91,getAuditLogs
FN:102,login
FN:114,(anonymous_8)
FN:121,(anonymous_9)
FN:129,autoLogin
FN:140,(anonymous_11)
FN:147,getMe
FN:166,logout
FNF:14
FNH:0
FNDA:0,listAdmins
FNDA:0,getAdmin
FNDA:0,createAdmin
FNDA:0,updateAdmin
FNDA:0,(anonymous_4)
FNDA:0,deleteAdmin
FNDA:0,getAuditLogs
FNDA:0,login
FNDA:0,(anonymous_8)
FNDA:0,(anonymous_9)
FNDA:0,autoLogin
FNDA:0,(anonymous_11)
FNDA:0,getMe
FNDA:0,logout
DA:10,0
DA:12,0
DA:20,0
DA:21,0
DA:22,0
DA:23,0
DA:24,0
DA:31,0
DA:32,0
DA:33,0
DA:37,0
DA:38,0
DA:39,0
DA:42,0
DA:44,0
DA:52,0
DA:56,0
DA:57,0
DA:58,0
DA:61,0
DA:63,0
DA:68,0
DA:71,0
DA:75,0
DA:76,0
DA:77,0
DA:80,0
DA:82,0
DA:99,0
DA:103,0
DA:104,0
DA:105,0
DA:107,0
DA:108,0
DA:110,0
DA:111,0
DA:112,0
DA:113,0
DA:114,0
DA:115,0
DA:119,0
DA:120,0
DA:121,0
DA:124,0
DA:125,0
DA:126,0
DA:130,0
DA:131,0
DA:133,0
DA:134,0
DA:135,0
DA:138,0
DA:139,0
DA:140,0
DA:143,0
DA:144,0
DA:148,0
DA:149,0
DA:150,0
DA:151,0
DA:152,0
DA:153,0
DA:155,0
DA:157,0
DA:160,0
DA:163,0
DA:167,0
LF:67
LH:0
BRDA:20,0,0,0
BRDA:20,1,0,0
BRDA:20,2,0,0
BRDA:20,2,1,0
BRDA:32,3,0,0
BRDA:32,3,1,0
BRDA:38,4,0,0
BRDA:38,4,1,0
BRDA:57,5,0,0
BRDA:57,5,1,0
BRDA:76,6,0,0
BRDA:76,6,1,0
BRDA:104,7,0,0
BRDA:104,7,1,0
BRDA:105,8,0,0
BRDA:105,8,1,0
BRDA:108,9,0,0
BRDA:108,9,1,0
BRDA:108,10,0,0
BRDA:108,10,1,0
BRDA:112,11,0,0
BRDA:112,11,1,0
BRDA:119,12,0,0
BRDA:119,12,1,0
BRDA:131,13,0,0
BRDA:131,13,1,0
BRDA:131,14,0,0
BRDA:131,14,1,0
BRDA:135,15,0,0
BRDA:135,15,1,0
BRDA:138,16,0,0
BRDA:138,16,1,0
BRDA:150,17,0,0
BRDA:150,17,1,0
BRDA:153,18,0,0
BRDA:153,18,1,0
BRF:36
BRH:0
end_of_record
TN:
SF:src\server\modules\analytics\analytics.policy.ts
FN:10,canViewDashboard
FNF:1
FNH:0
FNDA:0,canViewDashboard
DA:9,0
DA:11,0
DA:17,0
DA:18,0
DA:20,0
LF:5
LH:0
BRDA:17,0,0,0
BRDA:17,0,1,0
BRF:2
BRH:0
end_of_record
TN:
SF:src\server\modules\analytics\analytics.schemas.ts
FNF:0
FNH:0
DA:7,0
LF:1
LH:0
BRF:0
BRH:0
end_of_record
TN:
SF:src\server\modules\analytics\analytics.types.ts
FNF:0
FNH:0
LF:0
LH:0
BRF:0
BRH:0
end_of_record
TN:
SF:src\server\modules\analytics\analytics.use-cases.ts
FN:11,getDashboard
FN:52,getOverview
FN:119,getMonthlyTrend
FN:127,(anonymous_3)
FN:133,(anonymous_4)
FN:134,(anonymous_5)
FN:137,getCohortData
FN:143,(anonymous_7)
FN:152,(anonymous_8)
FN:153,(anonymous_9)
FNF:10
FNH:0
FNDA:0,getDashboard
FNDA:0,getOverview
FNDA:0,getMonthlyTrend
FNDA:0,(anonymous_3)
FNDA:0,(anonymous_4)
FNDA:0,(anonymous_5)
FNDA:0,getCohortData
FNDA:0,(anonymous_7)
FNDA:0,(anonymous_8)
FNDA:0,(anonymous_9)
DA:10,0
DA:12,0
DA:13,0
DA:14,0
DA:16,0
DA:23,0
DA:53,0
DA:54,0
DA:55,0
DA:56,0
DA:57,0
DA:58,0
DA:59,0
DA:68,0
DA:83,0
DA:85,0
DA:86,0
DA:88,0
DA:91,0
DA:94,0
DA:96,0
DA:97,0
DA:99,0
DA:120,0
DA:126,0
DA:127,0
DA:128,0
DA:129,0
DA:132,0
DA:133,0
DA:134,0
DA:138,0
DA:141,0
DA:143,0
DA:144,0
DA:145,0
DA:146,0
DA:147,0
DA:148,0
DA:151,0
DA:152,0
DA:153,0
LF:42
LH:0
BRDA:43,0,0,0
BRDA:43,0,1,0
BRDA:84,1,0,0
BRDA:84,1,1,0
BRDA:85,2,0,0
BRDA:85,2,1,0
BRDA:86,3,0,0
BRDA:86,3,1,0
BRDA:94,4,0,0
BRDA:94,4,1,0
BRDA:106,5,0,0
BRDA:106,5,1,0
BRDA:109,6,0,0
BRDA:109,6,1,0
BRDA:129,7,0,0
BRDA:129,7,1,0
BRDA:145,8,0,0
BRDA:145,8,1,0
BRDA:147,9,0,0
BRDA:147,9,1,0
BRDA:148,10,0,0
BRDA:148,10,1,0
BRDA:156,11,0,0
BRDA:156,11,1,0
BRF:24
BRH:0
end_of_record
TN:
SF:src\server\modules\announcements\announcement.use-cases.ts
FN:7,list
FN:24,(anonymous_1)
FN:25,(anonymous_2)
FN:26,(anonymous_3)
FN:27,(anonymous_4)
FN:54,create
FN:88,(anonymous_6)
FN:109,(anonymous_7)
FN:117,(anonymous_8)
FN:139,(anonymous_9)
FNF:10
FNH:0
FNDA:0,list
FNDA:0,(anonymous_1)
FNDA:0,(anonymous_2)
FNDA:0,(anonymous_3)
FNDA:0,(anonymous_4)
FNDA:0,create
FNDA:0,(anonymous_6)
FNDA:0,(anonymous_7)
FNDA:0,(anonymous_8)
FNDA:0,(anonymous_9)
DA:6,0
DA:8,0
DA:9,0
DA:10,0
DA:11,0
DA:13,0
DA:24,0
DA:25,0
DA:26,0
DA:27,0
DA:28,0
DA:48,0
DA:65,0
DA:66,0
DA:67,0
DA:68,0
DA:69,0
DA:73,0
DA:74,0
DA:78,0
DA:79,0
DA:85,0
DA:86,0
DA:88,0
DA:89,0
DA:104,0
DA:105,0
DA:106,0
DA:107,0
DA:108,0
DA:109,0
DA:116,0
DA:117,0
DA:125,0
DA:128,0
DA:141,0
LF:36
LH:0
BRDA:8,0,0,0
BRDA:8,1,0,0
BRDA:10,2,0,0
BRDA:10,2,1,0
BRDA:11,3,0,0
BRDA:11,3,1,0
BRDA:25,4,0,0
BRDA:25,4,1,0
BRDA:26,5,0,0
BRDA:26,5,1,0
BRDA:27,6,0,0
BRDA:27,6,1,0
BRDA:66,7,0,0
BRDA:66,7,1,0
BRDA:68,8,0,0
BRDA:68,8,1,0
BRDA:73,9,0,0
BRDA:73,9,1,0
BRDA:78,10,0,0
BRDA:78,10,1,0
BRDA:85,11,0,0
BRDA:85,11,1,0
BRDA:86,12,0,0
BRDA:86,12,1,0
BRDA:96,13,0,0
BRDA:96,13,1,0
BRDA:104,14,0,0
BRDA:104,14,1,0
BRDA:104,15,0,0
BRDA:104,15,1,0
BRDA:121,16,0,0
BRDA:121,16,1,0
BRF:32
BRH:0
end_of_record
TN:
SF:src\server\modules\auth\auth.policy.ts
FN:9,canSendOtp
FN:16,canVerifyOtp
FNF:2
FNH:0
FNDA:0,canSendOtp
FNDA:0,canVerifyOtp
DA:8,0
DA:10,0
DA:11,0
[...]
FN:16,GET_list
FN:29,POST_create
FN:51,PUT_update
FNF:3
FNH:0
FNDA:0,GET_list
FNDA:0,POST_create
FNDA:0,PUT_update
DA:17,0
DA:18,0
DA:20,0
DA:21,0
DA:22,0
DA:26,0
DA:30,0
DA:31,0
DA:33,0
DA:34,0
DA:35,0
DA:37,0
DA:48,0
DA:52,0
DA:53,0
DA:55,0
DA:56,0
DA:57,0
DA:59,0
DA:60,0
DA:61,0
DA:62,0
DA:63,0
DA:64,0
DA:65,0
DA:66,0
DA:67,0
DA:69,0
DA:70,0
LF:29
LH:0
BRDA:18,0,0,0
BRDA:18,0,1,0
BRDA:24,1,0,0
BRDA:24,1,1,0
BRDA:31,2,0,0
BRDA:31,2,1,0
BRDA:35,3,0,0
BRDA:35,3,1,0
BRDA:41,4,0,0
BRDA:41,4,1,0
BRDA:42,5,0,0
BRDA:42,5,1,0
BRDA:43,6,0,0
BRDA:43,6,1,0
BRDA:53,7,0,0
BRDA:53,7,1,0
BRDA:57,8,0,0
BRDA:57,8,1,0
BRDA:60,9,0,0
BRDA:60,9,1,0
BRDA:61,10,0,0
BRDA:61,10,1,0
BRDA:62,11,0,0
BRDA:62,11,1,0
BRDA:64,12,0,0
BRDA:64,12,1,0
BRDA:66,13,0,0
BRDA:66,13,1,0
BRDA:67,14,0,0
BRDA:67,14,1,0
BRF:30
BRH:0
end_of_record
TN:
SF:src\server\modules\vehicles\vehicle.schemas.ts
FNF:0
FNH:0
DA:10,0
LF:1
LH:0
BRF:0
BRH:0
end_of_record
TN:
SF:src\server\modules\vehicles\vehicle.types.ts
FNF:0
FNH:0
LF:0
LH:0
BRF:0
BRH:0
end_of_record
TN:
SF:src\server\modules\vehicles\vehicle.use-cases.ts
FN:9,listVehicles
FN:13,getVehicle
FN:17,getVehiclesByHub
FN:21,createVehicle
FN:27,updateVehicle
FN:33,assignVehicle
FN:56,markForMaintenance
FN:73,listAdminVehicles
FN:114,existsByNumber
FN:121,getNextId
FN:129,getVehiclesAtHub
FN:152,(anonymous_11)
FN:185,(anonymous_12)
FN:190,verifyPickupVehicle
FN:216,getVehicleHistory
FN:220,bulkUpdateVehicles
FN:243,(anonymous_16)
FN:270,(anonymous_17)
FNF:18
FNH:0
FNDA:0,listVehicles
FNDA:0,getVehicle
FNDA:0,getVehiclesByHub
FNDA:0,createVehicle
FNDA:0,updateVehicle
FNDA:0,assignVehicle
FNDA:0,markForMaintenance
FNDA:0,listAdminVehicles
FNDA:0,existsByNumber
FNDA:0,getNextId
FNDA:0,getVehiclesAtHub
FNDA:0,(anonymous_11)
FNDA:0,(anonymous_12)
FNDA:0,verifyPickupVehicle
FNDA:0,getVehicleHistory
FNDA:0,bulkUpdateVehicles
FNDA:0,(anonymous_16)
FNDA:0,(anonymous_17)
DA:8,0
DA:10,0
DA:14,0
DA:18,0
DA:22,0
DA:23,0
DA:24,0
DA:28,0
DA:29,0
DA:30,0
DA:34,0
DA:35,0
DA:36,0
DA:39,0
DA:40,0
DA:41,0
DA:44,0
DA:47,0
DA:48,0
DA:51,0
DA:52,0
DA:53,0
DA:57,0
DA:60,0
DA:61,0
DA:65,0
DA:66,0
DA:67,0
DA:79,0
DA:80,0
DA:81,0
DA:82,0
DA:84,0
DA:104,0
DA:115,0
DA:122,0
DA:123,0
DA:130,0
DA:134,0
DA:136,0
DA:152,0
DA:153,0
DA:154,0
DA:184,0
DA:185,0
DA:187,0
DA:191,0
DA:204,0
DA:205,0
DA:217,0
DA:226,0
DA:227,0
DA:229,0
DA:231,0
DA:232,0
DA:235,0
DA:236,0
DA:237,0
DA:240,0
DA:242,0
DA:244,0
DA:250,0
DA:251,0
DA:252,0
DA:255,0
DA:256,0
DA:257,0
DA:258,0
DA:261,0
DA:264,0
DA:270,0
DA:272,0
DA:273,0
LF:73
LH:0
BRDA:35,0,0,0
BRDA:35,0,1,0
BRDA:35,1,0,0
BRDA:35,1,1,0
BRDA:40,2,0,0
BRDA:40,2,1,0
BRDA:40,3,0,0
BRDA:40,3,1,0
BRDA:47,4,0,0
BRDA:47,4,1,0
BRDA:60,5,0,0
BRDA:60,5,1,0
BRDA:81,6,0,0
BRDA:81,6,1,0
BRDA:82,7,0,0
BRDA:82,7,1,0
BRDA:134,8,0,0
BRDA:134,8,1,0
BRDA:153,9,0,0
BRDA:153,9,1,0
BRDA:161,10,0,0
BRDA:161,10,1,0
BRDA:204,11,0,0
BRDA:204,11,1,0
BRDA:229,12,0,0
BRDA:229,12,1,0
BRDA:229,12,2,0
BRDA:229,12,3,0
BRDA:231,13,0,0
BRDA:231,13,1,0
BRDA:240,14,0,0
BRDA:240,14,1,0
BRDA:269,15,0,0
BRDA:269,15,1,0
BRF:34
BRH:0
end_of_record
TN:
SF:src\server\modules\wallet\wallet-ledger.service.ts
FN:35,findWallet
FN:43,credit
FN:57,(anonymous_2)
FN:83,debit
FN:98,(anonymous_4)
FN:116,creditSecurityDeposit
FN:128,(anonymous_6)
FN:142,reverse
FN:155,(anonymous_8)
FN:174,verifyIntegrity
FN:182,backfillOpeningBalance
FNF:11
FNH:9
FNDA:58,findWallet
FNDA:30,credit
FNDA:30,(anonymous_2)
FNDA:27,debit
FNDA:27,(anonymous_4)
FNDA:1,creditSecurityDeposit
FNDA:1,(anonymous_6)
FNDA:0,reverse
FNDA:0,(anonymous_8)
FNDA:3,verifyIntegrity
FNDA:1,backfillOpeningBalance
DA:18,2
DA:36,58
DA:37,58
DA:38,58
DA:39,58
DA:42,2
DA:55,30
DA:57,30
DA:69,30
DA:71,10
DA:72,10
DA:80,10
DA:96,27
DA:98,27
DA:111,27
DA:113,5
DA:126,1
DA:128,1
DA:138,1
DA:139,1
DA:153,0
DA:155,0
DA:166,0
DA:167,0
DA:175,3
DA:183,1
LF:26
LH:22
BRDA:36,0,0,58
BRDA:36,0,1,58
BRDA:38,1,0,0
BRDA:38,1,1,58
BRDA:69,2,0,0
BRDA:69,2,1,30
BRDA:71,3,0,10
BRDA:71,3,1,0
BRDA:111,4,0,0
BRDA:111,4,1,27
BRDA:138,5,0,0
BRDA:138,5,1,1
BRDA:166,6,0,0
BRDA:166,6,1,0
BRF:14
BRH:7
end_of_record
TN:
SF:src\server\modules\wallet\wallet.policy.ts
FN:9,canViewWallet
FN:13,canApproveTopup
FN:17,canIssueRefund
FNF:3
FNH:0
FNDA:0,canViewWallet
FNDA:0,canApproveTopup
FNDA:0,canIssueRefund
DA:8,0
DA:10,0
DA:14,0
DA:18,0
LF:4
LH:0
BRF:0
BRH:0
end_of_record
TN:
SF:src\server\modules\wallet\wallet.repository.ts
FN:12,findByRiderId
FN:16,getBalance
FN:21,updateBalance
FN:29,getTransactions
FN:37,getLedgerEntries
FN:45,createTransaction
FN:73,findTransactionById
FN:77,findTransactionByKey
FN:81,updateTransactionStatus
FNF:9
FNH:9
FNDA:3,findByRiderId
FNDA:5,getBalance
FNDA:4,updateBalance
FNDA:1,getTransactions
FNDA:6,getLedgerEntries
FNDA:2,createTransaction
FNDA:1,findTransactionById
FNDA:1,findTransactionByKey
FNDA:1,updateTransactionStatus
DA:11,4
DA:13,3
DA:17,5
DA:18,5
DA:22,4
DA:30,1
DA:38,6
DA:57,2
DA:74,1
DA:78,1
DA:82,1
LF:11
LH:11
BRDA:18,0,0,5
BRDA:18,0,1,1
BRDA:29,1,0,1
BRDA:37,2,0,6
BRDA:63,3,0,2
BRDA:63,3,1,2
BRDA:64,4,0,2
BRDA:64,4,1,2
BRDA:65,5,0,2
BRDA:65,5,1,2
BRDA:66,6,0,2
BRDA:66,6,1,2
BRDA:67,7,0,2
BRDA:67,7,1,1
BRDA:68,8,0,2
BRDA:68,8,1,2
BRDA:86,9,0,1
BRDA:86,9,1,0
BRDA:92,10,0,1
BRDA:92,10,1,0
BRF:20
BRH:18
end_of_record
TN:
SF:src\server\modules\wallet\wallet.routes.ts
FN:14,GET_balance
FN:22,POST_topup
FNF:2
FNH:0
FNDA:0,GET_balance
FNDA:0,POST_topup
DA:15,0
DA:16,0
DA:18,0
DA:19,0
DA:23,0
DA:24,0
DA:26,0
DA:27,0
DA:28,0
DA:29,0
DA:32,0
DA:38,0
LF:12
LH:0
BRDA:16,0,0,0
BRDA:16,0,1,0
BRDA:24,1,0,0
BRDA:24,1,1,0
BRDA:28,2,0,0
BRDA:28,2,1,0
BRDA:35,3,0,0
BRDA:35,3,1,0
BRF:8
BRH:0
end_of_record
TN:
SF:src\server\modules\wallet\wallet.schemas.ts
FNF:0
FNH:0
DA:10,0
LF:1
LH:0
BRF:0
BRH:0
end_of_record
TN:
SF:src\server\modules\wallet\wallet.service.ts
FN:15,creditBalance
FN:34,debitBalance
FN:53,getBalance
FN:57,verifyIntegrity
FN:61,backfillOpeningBalance
FN:69,mapLedgerTypeToCategory
FNF:6
FNH:6
FNDA:25,creditBalance
FNDA:23,debitBalance
FNDA:3,getBalance
FNDA:2,verifyIntegrity
FNDA:1,backfillOpeningBalance
FNDA:48,mapLedgerTypeToCategory
DA:14,1
DA:22,25
DA:31,5
DA:40,23
DA:50,2
DA:54,3
DA:58,2
DA:62,1
DA:70,48
DA:82,48
LF:10
LH:10
BRDA:26,0,0,25
BRDA:26,0,1,25
BRDA:27,1,0,25
BRDA:27,1,1,25
BRDA:28,2,0,25
BRDA:28,2,1,25
BRDA:29,3,0,25
BRDA:29,3,1,24
BRDA:44,4,0,23
BRDA:44,4,1,23
BRDA:45,5,0,23
BRDA:45,5,1,23
BRDA:46,6,0,23
BRDA:46,6,1,23
BRDA:47,7,0,23
BRDA:47,7,1,23
BRDA:82,8,0,48
BRDA:82,8,1,0
BRF:18
BRH:17
end_of_record
TN:
SF:src\server\modules\wallet\wallet.types.ts
FNF:0
FNH:0
LF:0
LH:0
BRF:0
BRH:0
end_of_record
TN:
SF:src\server\modules\wallet\wallet.use-cases.ts
FN:25,deriveIdempotencyKey
FN:33,getWallet
FN:39,(anonymous_2)
FN:43,(anonymous_3)
FN:53,requestTopup
FN:153,_autoApproveTestTopup
FN:159,(anonymous_6)
FN:212,approveTopup
FN:221,(anonymous_8)
FN:274,rejectTopup
FN:281,(anonymous_10)
FN:310,reverseTransaction
FNF:12
FNH:0
FNDA:0,deriveIdempotencyKey
FNDA:0,getWallet
FNDA:0,(anonymous_2)
FNDA:0,(anonymous_3)
FNDA:0,requestTopup
FNDA:0,_autoApproveTestTopup
FNDA:0,(anonymous_6)
FNDA:0,approveTopup
FNDA:0,(anonymous_8)
FNDA:0,rejectTopup
FNDA:0,(anonymous_10)
FNDA:0,reverseTransaction
DA:26,0
DA:27,0
DA:30,0
DA:32,0
DA:34,0
DA:35,0
DA:37,0
DA:38,0
DA:41,0
DA:43,0
DA:45,0
DA:64,0
DA:68,0
DA:70,0
DA:87,0
DA:88,0
DA:90,0
DA:91,0
DA:93,0
DA:94,0
DA:95,0
DA:100,0
DA:103,0
DA:109,0
DA:122,0
DA:123,0
DA:126,0
DA:127,0
DA:128,0
DA:129,0
DA:134,0
DA:139,0
DA:143,0
DA:150,0
DA:159,0
DA:160,0
DA:164,0
DA:165,0
DA:171,0
DA:172,0
DA:181,0
DA:192,0
DA:197,0
DA:213,0
DA:214,0
DA:215,0
DA:216,0
DA:219,0
DA:221,0
DA:222,0
DA:235,0
DA:244,0
DA:251,0
DA:259,0
DA:267,0
DA:275,0
DA:276,0
DA:277,0
DA:278,0
DA:281,0
DA:282,0
DA:283,0
DA:291,0
DA:299,0
DA:307,0
DA:311,0
DA:312,0
DA:313,0
DA:314,0
DA:317,0
DA:326,0
DA:334,0
LF:72
LH:0
BRDA:35,0,0,0
BRDA:35,0,1,0
BRDA:41,1,0,0
BRDA:41,1,1,0
BRDA:68,2,0,0
BRDA:68,2,1,0
BRDA:87,3,0,0
BRDA:87,3,1,0
BRDA:88,4,0,0
BRDA:88,4,1,0
BRDA:88,5,0,0
BRDA:88,5,1,0
BRDA:91,6,0,0
BRDA:91,6,1,0
BRDA:94,7,0,0
BRDA:94,7,1,0
BRDA:103,8,0,0
BRDA:103,8,1,0
BRDA:103,8,2,0
BRDA:103,8,3,0
BRDA:115,9,0,0
BRDA:115,9,1,0
BRDA:119,10,0,0
BRDA:119,10,1,0
BRDA:122,11,0,0
BRDA:122,11,1,0
BRDA:126,12,0,0
BRDA:126,12,1,0
BRDA:126,13,0,0
BRDA:126,13,1,0
BRDA:164,14,0,0
BRDA:164,14,1,0
BRDA:171,15,0,0
BRDA:171,15,1,0
BRDA:214,16,0,0
BRDA:214,16,1,0
BRDA:215,17,0,0
BRDA:215,17,1,0
BRDA:226,18,0,0
BRDA:226,18,1,0
BRDA:240,19,0,0
BRDA:240,19,1,0
BRDA:276,20,0,0
BRDA:276,20,1,0
BRDA:277,21,0,0
BRDA:277,21,1,0
BRDA:312,22,0,0
BRDA:312,22,1,0
BRDA:313,23,0,0
BRDA:313,23,1,0
BRF:50
BRH:0
end_of_record
TN:
SF:src\server\shared\auth\index.ts
FNF:0
FNH:0
LF:0
LH:0
BRF:0
BRH:0
end_of_record
TN:
SF:src\server\shared\config\index.ts
FNF:0
FNH:0
LF:0
LH:0
BRF:0
BRH:0
end_of_record
TN:
SF:src\server\shared\db\prisma.ts
FNF:0
FNH:0
LF:0
LH:0
BRF:0
BRH:0
end_of_record
TN:
SF:src\server\shared\errors\index.ts
FNF:0
FNH:0
LF:0
LH:0
BRF:0
BRH:0
end_of_record
TN:
SF:src\server\shared\logger\index.ts
FNF:0
FNH:0
LF:0
LH:0
BRF:0
BRH:0
end_of_record
TN:
SF:src\server\shared\rbac\index.ts
FNF:0
FNH:0
LF:0
LH:0
BRF:0
BRH:0
end_of_record
TN:
SF:src\server\shared\storage\index.ts
FNF:0
FNH:0
LF:0
LH:0
BRF:0
BRH:0
end_of_record
TN:
SF:src\server\shared\validation\index.ts
FNF:0
FNH:0
LF:0
LH:0
BRF:0
BRH:0
end_of_record
TN:
SF:src\server\workers\index.ts
FN:97,(anonymous_0)
FN:118,(anonymous_1)
FN:125,(anonymous_2)
FN:132,(anonymous_3)
FN:136,(anonymous_4)
FN:142,(anonymous_5)
FN:146,(anonymous_6)
FN:155,(anonymous_7)
FN:165,(anonymous_8)
FN:178,checkScheduledBackups
FN:196,startWorkers
FN:206,(anonymous_11)
FN:230,runWorkerLoop
FN:239,(anonymous_13)
FN:262,runScheduledTask
FN:281,runScheduledBackupLoop
FN:288,runReaperLoop
FN:303,stopWorkers
FN:308,sleep
FN:309,(anonymous_19)
FN:316,runFromCli
FN:333,handleShutdown
FN:339,(anonymous_22)
FN:355,(anonymous_23)
FN:360,(anonymous_24)
FN:361,(anonymous_25)
FN:367,(anonymous_26)
FN:368,(anonymous_27)
FNF:28
FNH:0
FNDA:0,(anonymous_0)
FNDA:0,(anonymous_1)
FNDA:0,(anonymous_2)
FNDA:0,(anonymous_3)
FNDA:0,(anonymous_4)
FNDA:0,(anonymous_5)
FNDA:0,(anonymous_6)
FNDA:0,(anonymous_7)
FNDA:0,(anonymous_8)
FNDA:0,checkScheduledBackups
FNDA:0,startWorkers
FNDA:0,(anonymous_11)
FNDA:0,runWorkerLoop
FNDA:0,(anonymous_13)
FNDA:0,runScheduledTask
FNDA:0,runScheduledBackupLoop
FNDA:0,runReaperLoop
FNDA:0,stopWorkers
FNDA:0,sleep
FNDA:0,(anonymous_19)
FNDA:0,runFromCli
FNDA:0,handleShutdown
FNDA:0,(anonymous_22)
FNDA:0,(anonymous_23)
FNDA:0,(anonymous_24)
FNDA:0,(anonymous_25)
FNDA:0,(anonymous_26)
FNDA:0,(anonymous_27)
DA:47,0
DA:98,0
DA:99,0
DA:114,0
DA:119,0
DA:126,0
DA:133,0
DA:134,0
DA:136,0
DA:143,0
DA:144,0
DA:146,0
DA:156,0
DA:158,0
DA:159,0
DA:160,0
DA:166,0
DA:179,0
DA:180,0
DA:181,0
DA:182,0
DA:185,0
DA:193,0
DA:194,0
DA:197,0
DA:198,0
DA:199,0
DA:202,0
DA:203,0
DA:206,0
DA:209,0
DA:212,0
DA:213,0
DA:217,0
DA:218,0
DA:222,0
DA:225,0
DA:227,0
DA:231,0
DA:233,0
DA:235,0
DA:236,0
DA:237,0
DA:240,0
DA:244,0
DA:245,0
DA:246,0
DA:247,0
DA:249,0
DA:255,0
DA:258,0
DA:267,0
DA:271,0
DA:272,0
DA:273,0
DA:275,0
DA:277,0
DA:282,0
DA:283,0
DA:284,0
DA:289,0
DA:290,0
DA:291,0
DA:292,0
DA:293,0
DA:294,0
DA:297,0
DA:299,0
DA:304,0
DA:305,0
DA:309,0
DA:317,0
DA:318,0
DA:322,0
DA:334,0
DA:335,0
DA:337,0
DA:338,0
DA:339,0
DA:340,0
DA:341,0
DA:342,0
DA:346,0
DA:349,0
DA:351,0
DA:354,0
DA:355,0
DA:356,0
DA:357,0
DA:360,0
DA:361,0
DA:362,0
DA:363,0
DA:367,0
DA:368,0
DA:369,0
DA:370,0
LF:97
LH:0
BRDA:158,0,0,0
BRDA:158,0,1,0
BRDA:181,1,0,0
BRDA:181,1,1,0
BRDA:196,2,0,0
BRDA:197,3,0,0
BRDA:197,3,1,0
BRDA:293,4,0,0
BRDA:293,4,1,0
BRDA:322,5,0,0
BRDA:322,5,1,0
BRDA:322,5,2,0
BRDA:322,5,3,0
BRDA:322,5,4,0
BRDA:322,5,5,0
BRDA:322,5,6,0
BRDA:322,5,7,0
BRDA:322,5,8,0
BRDA:322,5,9,0
BRDA:337,6,0,0
BRDA:337,6,1,0
BRDA:341,7,0,0
BRDA:341,7,1,0
BRDA:354,8,0,0
BRDA:354,8,1,0
BRF:25
BRH:0
end_of_record
TN:
SF:src\server\workers\outbox.ts
FN:83,emit
FN:112,getStats
FN:126,retryFailed
FN:141,cleanupCompleted
FNF:4
FNH:0
FNDA:0,emit
FNDA:0,getStats
FNDA:0,retryFailed
FNDA:0,cleanupCompleted
DA:35,0
DA:75,0
DA:89,0
DA:90,0
DA:91,0
DA:101,0
DA:102,0
DA:104,0
DA:105,0
DA:113,0
DA:120,0
DA:127,0
DA:135,0
DA:142,0
DA:143,0
DA:149,0
LF:16
LH:0
BRDA:86,0,0,0
BRDA:89,1,0,0
BRDA:89,1,1,0
BRDA:141,2,0,0
BRF:4
BRH:0
end_of_record
TN:
SF:src\server\workers\queues.ts
FNF:0
FNH:0
DA:13,0
LF:1
LH:0
BRF:0
BRH:0
end_of_record
TN:
SF:src\server\workers\jobs\audit-cleanup.job.ts
FN:12,process
FN:27,(anonymous_1)
FN:32,(anonymous_2)
FNF:3
FNH:0
FNDA:0,process
FNDA:0,(anonymous_1)
FNDA:0,(anonymous_2)
DA:11,0
DA:13,0
DA:16,0
DA:17,0
DA:18,0
DA:19,0
DA:20,0
DA:21,0
DA:24,0
DA:25,0
DA:27,0
DA:29,0
DA:30,0
DA:32,0
DA:33,0
LF:15
LH:0
BRDA:19,0,0,0
BRDA:19,0,1,0
BRF:2
BRH:0
end_of_record
TN:
SF:src\server\workers\jobs\daily-engagement.job.ts
FN:39,process
FN:78,(anonymous_1)
FN:101,(anonymous_2)
FN:114,(anonymous_3)
FN:121,(anonymous_4)
FN:126,(anonymous_5)
FN:137,msUntilNext0600IST
FN:149,(anonymous_7)
FN:149,(anonymous_8)
FNF:9
FNH:0
FNDA:0,process
FNDA:0,(anonymous_1)
FNDA:0,(anonymous_2)
FNDA:0,(anonymous_3)
FNDA:0,(anonymous_4)
FNDA:0,(anonymous_5)
FNDA:0,msUntilNext0600IST
FNDA:0,(anonymous_7)
FNDA:0,(anonymous_8)
DA:30,0
DA:38,0
DA:40,0
DA:44,0
DA:51,0
DA:52,0
DA:53,0
DA:54,0
DA:57,0
DA:60,0
DA:61,0
DA:68,0
DA:69,0
DA:70,0
DA:75,0
DA:76,0
DA:79,0
DA:84,0
DA:88,0
DA:93,0
DA:94,0
DA:95,0
DA:102,0
DA:107,0
DA:112,0
DA:115,0
DA:119,0
DA:121,0
DA:123,0
DA:124,0
DA:126,0
DA:127,0
DA:139,0
DA:149,0
DA:151,0
DA:152,0
DA:153,0
DA:154,0
DA:155,0
DA:156,0
DA:161,0
DA:162,0
DA:163,0
DA:164,0
DA:166,0
DA:168,0
LF:46
LH:0
BRDA:53,0,0,0
BRDA:53,0,1,0
BRDA:77,1,0,0
BRDA:77,1,1,0
BRDA:81,2,0,0
BRDA:81,2,1,0
BRDA:94,3,0,0
BRDA:94,3,1,0
BRDA:104,4,0,0
BRDA:104,4,1,0
BRDA:116,5,0,0
BRDA:116,5,1,0
BRDA:137,6,0,0
BRDA:164,7,0,0
BRDA:164,7,1,0
BRF:15
BRH:0
end_of_record
TN:
SF:src\server\workers\jobs\device-compliance.job.ts
FN:13,process
FN:72,(anonymous_1)
FNF:2
FNH:0
FNDA:0,process
FNDA:0,(anonymous_1)
DA:12,0
DA:14,0
DA:16,0
DA:23,0
DA:34,0
DA:36,0
DA:38,0
DA:40,0
DA:41,0
DA:44,0
DA:46,0
DA:48,0
DA:56,0
DA:57,0
DA:64,0
DA:69,0
DA:77,0
DA:78,0
DA:89,0
DA:92,0
DA:93,0
LF:21
LH:0
BRDA:40,0,0,0
BRDA:40,0,1,0
BRDA:40,1,0,0
BRDA:40,1,1,0
BRDA:44,2,0,0
BRDA:44,2,1,0
BRDA:56,3,0,0
BRDA:56,3,1,0
BRF:8
BRH:0
end_of_record
TN:
SF:src\server\workers\jobs\notification-dispatch.job.ts
FN:71,process
FN:174,(anonymous_1)
FNF:2
FNH:0
FNDA:0,process
FNDA:0,(anonymous_1)
DA:70,0
DA:72,0
DA:74,0
DA:75,0
DA:79,0
DA:82,0
DA:88,0
DA:90,0
DA:94,0
DA:97,0
DA:102,0
DA:105,0
DA:110,0
DA:122,0
DA:125,0
DA:130,0
DA:133,0
DA:138,0
DA:141,0
DA:145,0
DA:153,0
DA:157,0
DA:158,0
DA:162,0
DA:169,0
DA:172,0
DA:175,0
DA:179,0
DA:185,0
DA:188,0
DA:189,0
DA:193,0
LF:32
LH:0
BRDA:72,0,0,0
BRDA:72,0,1,0
BRDA:74,1,0,0
BRDA:74,1,1,0
BRDA:74,2,0,0
BRDA:74,2,1,0
BRDA:88,3,0,0
BRDA:88,3,1,0
BRDA:88,3,2,0
BRDA:88,3,3,0
BRDA:88,3,4,0
BRDA:88,3,5,0
BRDA:88,3,6,0
BRDA:88,3,7,0
BRDA:88,3,8,0
BRDA:88,3,9,0
BRDA:88,3,10,0
BRDA:88,3,11,0
BRDA:88,3,12,0
BRDA:88,3,13,0
BRDA:128,4,0,0
BRDA:128,4,1,0
BRDA:136,5,0,0
BRDA:136,5,1,0
BRDA:143,6,0,0
BRDA:143,6,1,0
BRDA:157,7,0,0
BRDA:157,7,1,0
BRDA:169,8,0,0
BRDA:169,8,1,0
BRDA:170,9,0,0
BRDA:170,9,1,0
BRDA:171,10,0,0
BRDA:171,10,1,0
BRDA:176,11,0,0
BRDA:176,11,1,0
BRF:36
BRH:0
end_of_record
TN:
SF:src\server\workers\jobs\notifications-cleanup.job.ts
FN:6,process
FNF:1
FNH:0
FNDA:0,process
DA:5,0
DA:7,0
DA:8,0
DA:9,0
DA:15,0
DA:16,0
LF:6
LH:0
BRF:0
BRH:0
end_of_record
TN:
SF:src\server\workers\jobs\notifications.job.ts
FN:14,process
FN:46,(anonymous_1)
FN:62,(anonymous_2)
FN:72,(anonymous_3)
FN:76,(anonymous_4)
FN:82,(anonymous_5)
FNF:6
FNH:0
FNDA:0,process
FNDA:0,(anonymous_1)
FNDA:0,(anonymous_2)
FNDA:0,(anonymous_3)
FNDA:0,(anonymous_4)
FNDA:0,(anonymous_5)
DA:13,0
DA:15,0
DA:18,0
DA:19,0
DA:20,0
DA:21,0
DA:22,0
DA:23,0
DA:26,0
DA:27,0
DA:34,0
DA:35,0
DA:36,0
DA:38,0
DA:43,0
DA:44,0
DA:47,0
DA:49,0
DA:53,0
DA:58,0
DA:59,0
DA:60,0
DA:63,0
DA:65,0
DA:70,0
DA:72,0
DA:73,0
DA:76,0
DA:78,0
DA:79,0
DA:82,0
DA:83,0
LF:32
LH:0
BRDA:21,0,0,0
BRDA:21,0,1,0
BRDA:34,1,0,0
BRDA:34,1,1,0
BRDA:45,2,0,0
BRDA:45,2,1,0
BRDA:59,3,0,0
BRDA:59,3,1,0
BRF:8
BRH:0
end_of_record
TN:
SF:src\server\workers\jobs\reconciliation.job.ts
FN:17,process
FN:41,(anonymous_1)
FN:71,(anonymous_2)
FN:120,(anonymous_3)
FNF:4
FNH:0
FNDA:0,process
FNDA:0,(anonymous_1)
FNDA:0,(anonymous_2)
FNDA:0,(anonymous_3)
DA:16,0
DA:18,0
DA:20,0
DA:23,0
DA:26,0
DA:27,0
DA:28,0
DA:39,0
DA:40,0
DA:41,0
DA:42,0
DA:47,0
DA:51,0
DA:52,0
DA:53,0
DA:54,0
DA:60,0
DA:62,0
DA:63,0
DA:71,0
DA:72,0
DA:75,0
DA:76,0
DA:77,0
DA:79,0
DA:80,0
DA:82,0
DA:83,0
DA:93,0
DA:107,0
DA:108,0
DA:115,0
DA:123,0
DA:131,0
LF:34
LH:0
BRDA:26,0,0,0
BRDA:26,0,1,0
BRDA:72,1,0,0
BRDA:72,1,1,0
BRDA:79,2,0,0
BRDA:79,2,1,0
BRDA:107,3,0,0
BRDA:107,3,1,0
BRF:8
BRH:0
end_of_record
TN:
SF:src\server\workers\jobs\referral-reward.job.ts
FN:15,process
FN:50,(anonymous_1)
FN:89,(anonymous_2)
FN:95,(anonymous_3)
FNF:4
FNH:0
FNDA:0,process
FNDA:0,(anonymous_1)
FNDA:0,(anonymous_2)
FNDA:0,(anonymous_3)
DA:14,0
DA:16,0
DA:18,0
DA:22,0
DA:23,0
DA:25,0
DA:26,0
DA:27,0
DA:28,0
DA:32,0
DA:37,0
DA:38,0
DA:41,0
DA:42,0
DA:46,0
DA:47,0
DA:49,0
DA:50,0
DA:51,0
DA:63,0
DA:72,0
DA:81,0
DA:83,0
DA:91,0
DA:97,0
DA:102,0
DA:107,0
DA:110,0
DA:111,0
DA:112,0
LF:30
LH:0
BRDA:25,0,0,0
BRDA:25,0,1,0
BRDA:25,1,0,0
BRDA:25,1,1,0
BRDA:37,2,0,0
BRDA:37,2,1,0
BRDA:37,3,0,0
BRDA:37,3,1,0
BRF:8
BRH:0
end_of_record
TN:
SF:src\server\workers\jobs\rent-reminders.job.ts
FN:17,process
FN:65,(anonymous_1)
FN:94,(anonymous_2)
FN:101,(anonymous_3)
FN:116,(anonymous_4)
FN:121,(anonymous_5)
FNF:6
FNH:0
FNDA:0,process
FNDA:0,(anonymous_1)
FNDA:0,(anonymous_2)
FNDA:0,(anonymous_3)
FNDA:0,(anonymous_4)
FNDA:0,(anonymous_5)
DA:16,0
DA:18,0
DA:20,0
DA:29,0
DA:31,0
DA:52,0
DA:54,0
DA:55,0
DA:56,0
DA:57,0
DA:59,0
DA:61,0
DA:63,0
DA:65,0
DA:66,0
DA:78,0
DA:88,0
DA:96,0
DA:99,0
DA:102,0
DA:104,0
DA:108,0
DA:111,0
DA:119,0
DA:122,0
DA:126,0
DA:127,0
LF:27
LH:0
BRDA:57,0,0,0
BRDA:57,0,1,0
BRDA:59,1,0,0
BRDA:59,1,1,0
BRF:4
BRH:0
end_of_record
TN:
SF:src\server\workers\jobs\scheduled-backup.job.ts
FN:24,checkAndRun
FN:123,(anonymous_1)
FN:151,(anonymous_2)
FN:169,(anonymous_3)
FNF:4
FNH:0
FNDA:0,checkAndRun
FNDA:0,(anonymous_1)
FNDA:0,(anonymous_2)
FNDA:0,(anonymous_3)
DA:23,0
DA:25,0
DA:26,0
DA:27,0
DA:28,0
DA:31,0
DA:32,0
DA:36,0
DA:37,0
DA:38,0
DA:42,0
DA:43,0
DA:44,0
DA:48,0
DA:49,0
DA:50,0
DA:54,0
DA:55,0
DA:56,0
DA:57,0
DA:61,0
DA:65,0
DA:69,0
DA:70,0
DA:71,0
DA:78,0
DA:83,0
DA:92,0
DA:93,0
DA:109,0
DA:110,0
DA:117,0
DA:125,0
DA:134,0
DA:136,0
DA:137,0
DA:140,0
DA:145,0
DA:153,0
DA:163,0
DA:170,0
DA:173,0
DA:176,0
DA:177,0
LF:44
LH:0
BRDA:27,0,0,0
BRDA:27,0,1,0
BRDA:31,1,0,0
BRDA:31,1,1,0
BRDA:37,2,0,0
BRDA:37,2,1,0
BRDA:43,3,0,0
BRDA:43,3,1,0
BRDA:49,4,0,0
BRDA:49,4,1,0
BRDA:56,5,0,0
BRDA:56,5,1,0
BRDA:70,6,0,0
BRDA:70,6,1,0
BRDA:70,7,0,0
BRDA:70,7,1,0
BRDA:113,8,0,0
BRDA:113,8,1,0
BRDA:136,9,0,0
BRDA:136,9,1,0
BRDA:137,10,0,0
BRDA:137,10,1,0
BRDA:141,11,0,0
BRDA:141,11,1,0
BRDA:159,12,0,0
BRDA:159,12,1,0
BRDA:167,13,0,0
BRDA:167,13,1,0
BRDA:173,14,0,0
BRDA:173,14,1,0
BRDA:176,15,0,0
BRDA:176,15,1,0
BRDA:177,16,0,0
BRDA:177,16,1,0
BRF:34
BRH:0
end_of_record
TN:
SF:src\server\workers\jobs\telemetry-cleanup.job.ts
FN:13,process
FN:40,(anonymous_1)
FN:45,(anonymous_2)
FNF:3
FNH:0
FNDA:0,process
FNDA:0,(anonymous_1)
FNDA:0,(anonymous_2)
DA:12,0
DA:14,0
DA:17,0
DA:18,0
DA:19,0
DA:20,0
DA:21,0
DA:22,0
DA:25,0
DA:26,0
DA:28,0
DA:34,0
DA:40,0
DA:42,0
DA:43,0
DA:45,0
DA:46,0
LF:17
LH:0
BRDA:20,0,0,0
BRDA:20,0,1,0
BRF:2
BRH:0
end_of_record
TN:
SF:src\server\workers\jobs\wallet-reconciliation.job.ts
FN:20,checkReconciliationToday
FN:37,runWalletReconciliation
FN:86,recordReconciliation
FNF:3
FNH:0
FNDA:0,checkReconciliationToday
FNDA:0,runWalletReconciliation
FNDA:0,recordReconciliation
DA:21,0
DA:38,0
DA:40,0
DA:44,0
DA:52,0
DA:53,0
DA:55,0
DA:56,0
DA:58,0
DA:59,0
DA:60,0
DA:67,0
DA:76,0
DA:83,0
DA:87,0
DA:88,0
DA:96,0
DA:98,0
LF:18
LH:0
BRDA:55,0,0,0
BRDA:55,0,1,0
BRF:2
BRH:0
end_of_record
